1 1 -100
1 2 -100
1 3 -100
1 4 -100
1 5 -100
1 6 -100
1 7 -100
1 8 -100
1 9 -100
1 10 -100
1 11 -100
1 12 -100
1 13 -100
1 14 -100
1 15 -100
1 16 -100
1 17 -100
1 18 -100
1 19 -100
1 20 -100
1 21 -100
2 1 -100
2 2 40.9696
2 3 19.2927
2 4 19.3207
2 5 67.1932
2 6 25.3711
2 7 -98.5281
2 8 58.0925
2 9 36.8708
2 10 25.7483
2 11 23.2715
2 12 23.2388
2 13 23.3949
2 14 23.7389
2 15 24.9091
2 16 24.5647
2 17 19.0031
2 18 20.3164
2 19 49.0767
2 20 45.6845
2 21 -100
3 1 -100
3 2 16.8007
3 3 1.4358
3 4 35.843
3 5 -42.7479
3 6 -13.9613
3 7 500
3 8 -253.841
3 9 -1.59195
3 10 19.5215
3 11 17.3429
3 12 14.5168
3 13 12.7795
3 14 12.2285
3 15 13.3857
3 16 13.2144
3 17 6.68295
3 18 6.56741
3 19 37.7095
3 20 43.0675
3 21 -100
4 1 -100
4 2 55.284
4 3 121.775
4 4 -98.8643
4 5 -271.041
4 6 500
4 7 500
4 8 500
4 9 -263.134
4 10 -48.8289
4 11 -5.50729
4 12 5.27785
4 13 7.71817
4 14 8.44145
4 15 9.9506
4 16 9.53816
4 17 2.71773
4 18 3.53513
4 19 36.4556
4 20 42.7446
4 21 -100
5 1 -100
5 2 35.0395
5 3 -152.263
5 4 -114.606
5 5 500
5 6 500
5 7 500
5 8 500
5 9 500
5 10 -129.84
5 11 -39.8977
5 12 -12.8305
5 13 -2.60634
5 14 2.12972
5 15 5.77844
5 16 6.56646
5 17 0.685582
5 18 2.4417
5 19 35.9931
5 20 42.6185
5 21 -100
6 1 -100
6 2 73.2007
6 3 0.218495
6 4 -250.326
6 5 -219.205
6 6 500
6 7 500
6 8 500
6 9 -148.43
6 10 -53.4061
6 11 -22.0057
6 12 -8.58131
6 13 -2.38729
6 14 1.18687
6 15 4.63776
6 16 5.59178
6 17 0.0260828
6 18 2.08618
6 19 35.8446
6 20 42.5804
6 21 -100
7 1 -100
7 2 13.3512
7 3 16.3303
7 4 -63.5013
7 5 -258.553
7 6 -89.443
7 7 500
7 8 -158.573
7 9 -63.1764
7 10 -29.8928
7 11 -14.4331
7 12 -6.44631
7 13 -2.22206
7 14 0.699573
7 15 4.0375
7 16 5.09431
7 17 -0.307415
7 18 1.90148
7 19 35.7635
7 20 42.5577
7 21 -100
8 1 -100
8 2 2.50022
8 3 -24.2722
8 4 -32.5551
8 5 -67.1439
8 6 -127.847
8 7 -78.726
8 8 -46.1083
8 9 -26.9534
8 10 -15.4489
8 11 -8.31059
8 12 -3.87779
8 13 -1.23796
8 14 0.992486
8 15 4.06027
8 16 5.03815
8 17 -0.365157
8 18 1.86429
8 19 35.7457
8 20 42.5524
8 21 -100
9 1 -100
9 2 8.86213
9 3 -18.7712
9 4 -37.5542
9 5 -52.6276
9 6 -45.1392
9 7 -32.928
9 8 -22.4203
9 9 -14.5791
9 10 -8.95661
9 11 -4.92768
9 12 -2.1496
9 13 -0.38236
9 14 1.40071
9 15 4.24801
9 16 5.12157
9 17 -0.329128
9 18 1.87892
9 19 35.7502
9 20 42.5528
9 21 -100
10 1 -100
10 2 11.2817
10 3 -15.4538
10 4 -26.7681
10 5 -27.4707
10 6 -23.2171
10 7 -17.7664
10 8 -12.7439
10 9 -8.62508
10 10 -5.37196
10 11 -2.80438
10 12 -0.908262
10 13 0.336149
10 14 1.81355
10 15 4.48372
10 16 5.25429
10 17 -0.257787
10 18 1.91331
10 19 35.7639
10 20 42.5565
10 21 -100
11 1 -100
11 2 13.9852
11 3 -8.49756
11 4 -14.8191
11 5 -15.1644
11 6 -13.0943
11 7 -10.2991
11 8 -7.54827
11 9 -5.13185
11 10 -3.07286
11 11 -1.31295
11 12 0.0486182
11 13 0.945671
11 14 2.19957
11 15 4.72329
11 16 5.3963
11 17 -0.178198
11 18 1.9537
11 19 35.7784
11 20 42.5578
11 21 -100
12 1 -100
12 2 17.5006
12 3 -2.03577
12 4 -7.32897
12 5 -8.2043
12 6 -7.36137
12 7 -5.89796
12 8 -4.31225
12 9 -2.81901
12 10 -1.45234
12 11 -0.190777
12 12 0.820969
12 13 1.46974
12 14 2.54573
12 15 4.9488
12 16 5.54162
12 17 -0.0939281
12 18 1.99446
12 19 35.7999
12 20 42.5698
12 21 -100
13 1 -100
13 2 20.4317
13 3 2.31825
13 4 -2.66955
13 5 -3.93966
13 6 -3.78635
13 7 -3.0624
13 8 -2.14532
13 9 -1.20059
13 10 -0.26096
13 11 0.667759
13 12 1.42218
13 13 1.88914
13 14 2.84005
13 15 5.13657
13 16 5.6412
13 17 -0.0373491
13 18 2.0296
13 19 35.7972
13 20 42.5475
13 21 -100
14 1 -100
14 2 22.3999
14 3 5.11073
14 4 0.285316
14 5 -1.21125
14 6 -1.44993
14 7 -1.14599
14 8 -0.615401
14 9 -0.0133953
14 10 0.63763
14 11 1.35498
14 12 1.95722
14 13 2.27618
14 14 3.09372
14 15 5.33462
14 16 5.8214
14 17 0.0671762
14 18 2.06462
14 19 35.8672
14 20 42.6336
14 21 -100
15 1 -100
15 2 23.6842
15 3 6.92416
15 4 2.20911
15 5 0.583663
15 6 0.106231
15 7 0.126189
15 8 0.379211
15 9 0.759112
15 10 1.23023
15 11 1.75111
15 12 2.1735
15 13 2.4297
15 14 3.2302
15 15 5.32685
15 16 5.6626
15 17 -0.0112622
15 18 2.07357
15 19 35.6873
15 20 42.3723
15 21 -100
16 1 -100
16 2 24.487
16 3 8.09335
16 4 3.51951
16 5 1.88881
16 6 1.33636
16 7 1.27378
16 8 1.43433
16 9 1.67254
16 10 2.01147
16 11 2.52188
16 12 2.95093
16 13 3.0157
16 14 3.62872
16 15 5.92051
16 16 6.4521
16 17 0.384302
16 18 2.17093
16 19 36.3266
16 20 43.2036
16 21 -100
17 1 -100
17 2 25.1003
17 3 8.79401
17 4 4.06399
17 5 2.1886
17 6 1.36518
17 7 1.01039
17 8 0.921142
17 9 1.03247
17 10 1.25104
17 11 1.46315
17 12 1.6629
17 13 1.95774
17 14 2.73618
17 15 4.35258
17 16 4.40502
17 17 -0.612459
17 18 1.78832
17 19 34.2492
17 20 40.6377
17 21 -100
18 1 -100
18 2 25.6915
18 3 10.4024
18 4 6.56817
18 5 5.33412
18 6 4.95896
18 7 4.95297
18 8 5.07892
18 9 5.20789
18 10 5.47629
18 11 6.04228
18 12 6.4127
18 13 6.0717
18 14 6.55018
18 15 9.60923
18 16 10.3606
18 17 2.53005
18 18 3.71905
18 19 41.0146
18 20 48.434
18 21 -100
19 1 -100
19 2 22.5334
19 3 4.08538
19 4 -2.0417
19 5 -4.79079
19 6 -6.20611
19 7 -6.99816
19 8 -7.40923
19 9 -7.53391
19 10 -7.57113
19 11 -7.684
19 12 -7.58461
19 13 -6.9561
19 14 -6.32639
19 15 -6.14152
19 16 -6.23576
19 17 -7.72598
19 18 -4.76736
19 19 19.7027
19 20 25.2838
19 21 -100
20 1 -100
20 2 48.0338
20 3 37.3145
20 4 35.2175
20 5 34.6516
20 6 34.5577
20 7 34.6715
20 8 34.8495
20 9 35.0248
20 10 35.3625
20 11 35.9883
20 12 36.266
20 13 35.6539
20 14 36.4371
20 15 40.9685
20 16 41.3573
20 17 28.2427
20 18 29.7312
20 19 84.1866
20 20 92.5734
20 21 -100
21 1 -100
21 2 -100
21 3 -100
21 4 -100
21 5 -100
21 6 -100
21 7 -100
21 8 -100
21 9 -100
21 10 -100
21 11 -100
21 12 -100
21 13 -100
21 14 -100
21 15 -100
21 16 -100
21 17 -100
21 18 -100
21 19 -100
21 20 -100
21 21 -100
