0.000122365
0.000104408
2.61778e-05
1.89152e-05
2.56351e-05
3.22489e-05
3.71317e-05
1.44525e-05
4.83885e-05
1.33938e-05
1.14732e-05
3.44953e-07
0
3.13251e-05
4.28568e-07
1.36764e-07
2.86851e-07
0
2.0992e-06
6.72259e-07
3.39174e-06
4.31963e-06
4.2593e-06
2.7607e-05
5.13646e-05
1.98641e-05
1.57288e-06
3.97005e-06
1.88617e-07
2.28409e-05
0
1.31669e-06
2.92818e-07
3.08171e-06
1.14429e-05
1.09758e-06
1.96932e-06
1.15479e-06
1.51982e-05
0
1.65769e-06
2.3517e-06
1.15762e-08
1.10965e-06
6.44056e-08
2.2007e-06
0
3.17364e-08
2.28747e-06
1.21466e-06
1.18706e-06
4.24733e-05
1.35097e-06
2.42452e-06
0
0
8.19232e-10
2.56174e-06
1.77095e-07
1.50004e-07
9.85174e-07
4.77912e-07
2.01891e-06
1.17745e-06
1.02232e-05
3.73751e-08
7.18269e-06
1.48593e-06
6.17016e-06
2.14335e-05
0
3.16083e-07
3.73751e-08
0
1.43845e-06
0
0
4.3997e-07
0
8.57635e-07
1.55753e-07
4.25584e-06
1.86459e-06
0
2.20205e-05
5.83248e-06
4.23085e-06
7.94138e-06
2.56155e-05
1.09828e-08
5.50678e-06
4.58379e-07
7.59295e-07
2.91822e-08
3.22919e-06
3.53929e-11
5.72921e-07
1.69318e-07
4.84408e-07
3.73751e-08
8.12431e-07
2.12361e-05
5.13609e-08
1.65462e-62
1.85694e-58
1.97246e-69
2.76023e-06
0.000102501
9.73201e-07
0
2.08781e-08
4.75896e-08
1.07856e-06
0
1.65462e-62
1.81812e-05
1.97246e-69
2.70523e-07
7.80399e-07
3.22634e-08
2.85651e-06
0
1.40594e-08
3.16602e-05
0
7.12911e-06
0
2.21704e-07
2.27762e-06
2.47096e-07
8.92922e-07
0
3.43473e-06
1.59367e-05
1.31227e-10
0
4.81719e-08
0
1.97246e-69
0
6.37041e-07
4.73204e-07
1.95248e-07
1.88358e-06
2.28782e-07
0
2.72226e-05
1.97246e-69
0
1.79251e-06
1.35209e-05
0
2.73673e-05
7.26454e-08
0
5.30472e-08
1.23311e-06
5.30472e-08
1.23361e-06
2.29111e-05
0
0
0
0
0
0
0
0
0
0
0
0
0
1.0179e-07
0
0
0
0
0
0
0
0
1.78951e-06
0
0
0
0
0
0
0
0
0
0
1.38753e-06
0
0
0
0
0
0
0
0
0
0
2.5392e-05
0
0
0
0
0
0
0
0
3.67232e-06
0
2.64973e-06
0
0
0
0
0
0
0
0
0
0
3.85206e-08
3.85206e-08
3.85206e-08
3.72454e-05
7.80605e-06
0
0
0
0
0
0
0
0
0
0
0
0
0
0
0
0
0
0
0
0
0
0
6.98861e-08
2.44664e-07
5.43267e-08
9.6334e-10
0
0
0
0
0
0
0
0
0
0
0
2.5495e-06
0
0
0
2.53452e-06
0
0
0
0
0
0
0
0
0
0
0
0
0
0
0
0
0
0
0
0
0
0
0
0
0
0
0
0
0
0
0
0
0
0
0
6.20319e-06
6.20929e-06
2.70436e-07
0
6.191e-06
6.191e-06
6.71107e-06
0.0031135
6.191e-06
0
0
0
0
0
0
0
0
0
0
0
0
0
0
0
0
0
0
0
0
0
0
0
0
0
0
0
0
0
0
2.57625e-07
0
0
0
0
0
0
0
0
0
0
0
0
0
0
0
0
0
0
0
0
4.32454e-07
0
1.48958e-06
1.41939e-06
2.00729e-07
0
3.43451e-06
1.26118e-05
0
2.68154e-06
1.64834e-05
0
0
0
0
0
0
0
0
0
0
0
1.62093e-06
3.64511e-08
0
0
0
0
0
0
0
0
0
4.98532e-07
0
1.73253e-08
0
0
0
0
0
0
0
0
0
0
0
0
0
0
0
0
0
0
0
0
8.81995e-07
0
1.2974e-06
0
0
0
0
0
1.97246e-69
0
0
0
0
0
0
0
0
9.50643e-06
0
0
0
0
0
1.22622e-06
1.18365e-06
0
0
0
0
0
0
0
0
0
0
0
0
0
0
0
0
0
0
0
0
0
0
0
0
0
0
0
0
0
0
0
0
0
0
0
0
0
0
0
0
0
0
0
0
0
0
0
0
0
0
0
0
0
1.18006e-06
2.61436e-09
0.000116701
0
5.82169e-49
5.82169e-49
0
0
0
0
0
0
0
0
0
0
5.4498e-06
0
0
0
0
1.42763e-05
2.22504e-08
7.49767e-06
2.47539e-09
0
2.68424e-08
0
0
0
0
0
0
0
0
0
0
0
0
0
2.17375e-07
0
0
2.51601e-05
3.72543e-08
4.47114e-06
0
0
0
0
0
0
1.53379e-10
0
0
0
0
0
0
0
0
0
1.97246e-69
0
1.94857e-06
0
1.44135e-07
1.5148e-05
1.55071e-08
1.55071e-08
1.55071e-08
0
0
0
0
0
0
0
0
0
0
0
6.99535e-07
0.000143331
7.08441e-05
0.000124874
2.66313e-05
3.60656e-05
4.69027e-05
5.85931e-07
5.85931e-07
0
6.00561e-06
6.17665e-06
1.31304e-05
9.53263e-08
5.31178e-06
4.77906e-06
9.53263e-08
2.42313e-07
3.23997e-07
9.50276e-07
2.42313e-07
9.53263e-08
9.53263e-08
3.5833e-06
1.54679e-07
1.21585e-06
2.42313e-07
2.07717e-06
6.49564e-07
4.82549e-06
1.38676e-05
9.53263e-08
1.14251e-07
6.6604e-07
5.09288e-06
0
0
0
0
0
0
0
0
0
0
3.16533e-08
0
0
0
0
0
0
0
0
0
0
0
0
0
2.68583e-07
3.94721e-07
0
0
0
0
0
0
0
4.64282e-08
0
0
0
3.36416e-07
1.81494e-06
1.55762e-06
0
0
0
0
0
0
0
0
0
1.29269e-07
0
0
0
4.70901e-07
0
0
0
0
0
0
3.94721e-07
4.42577e-06
0
0
0
0
1.8455e-06
0
0
0
0
0
0
0
0
0
0
0
0
0
0
1.97246e-69
0
0
1.97246e-69
0
1.52553e-06
0
0
0
0
0
0
0
0
0
0
0
0
2.37069e-06
8.55826e-07
0
0
0
1.2974e-06
0
0
0
0
0
6.17979e-06
2.18059e-06
0
0
0
1.03213e-06
0
0
0
0
3.22664e-08
0
0
0
0
0
1.2014e-05
3.78315e-06
2.24577e-06
4.98245e-07
1.63074e-05
2.94784e-07
3.50843e-05
0
0
0
0
7.76125e-07
0
0
4.71389e-06
0
0
0
4.64282e-08
0
0
1.92501e-06
0
0
0
0
0
0
0
0
0
3.55542e-06
1.24862e-06
0
1.97246e-69
0.00306343
6.42875e-05
2.46095e-05
1.00545e-05
6.63242e-06
2.75118e-07
4.08703e-06
1.97246e-69
0
3.46604e-10
0
0
0
0
0
0
0
0
0
0
0
0
0
0
6.5791e-07
0
0
0
0
0
0
0
0
0
0
0
0
0
0
0
0
0
3.31652e-07
0
0
0
1.00458e-06
1.0676e-05
2.1431e-09
0
0
5.15715e-06
0
0
0
0
0
0
0
0
0
0
0
5.74792e-06
0
0
4.23892e-07
0
0
0
0
1.10965e-06
7.6198e-08
0
1.2974e-06
0
0
9.56313e-08
0
0
1.97246e-69
0
0
6.07276e-06
0
0
0
0
0
0
0
0
0
0
0
1.00301e-06
0
2.91352e-09
0
0
0
0
0
0
0
4.75896e-08
0
0
0
0
0
0
0
0
0
0
0
0
0
0
0
0
0
0
0
0
0
0
0
1.97246e-69
0
0
0
0
0
1.51869e-07
0
0
0
0
0
2.36023e-06
0
0
0
0
0
0
0
0
0
0
0
0
0
1.41112e-07
0
0.333946
0.00299882
0.00299882
0.00299882
0.00299882
0.00299882
0.00299882
0.00299882
0.00299882
0.00299882
0.00299882
0.00299882
0.00299882
0.00299882
0.00299882
0.00299882
0.00299882
0.00299882
0.00299882
0.333946
3.27547e-05
0
0.332962
0.332962
0.332962
0.332962
0.332962
0.332962
0.333946
0
0
0
0
0
0
0
0
0
0
0
0
0
0
0
0
0
0
0
0
0
0
0
0
0
0
0
0
0
0
0
0
0
0
0
0
0
0
0
0
0
0
0
0
0
0
0
0
0
0
0
0
4.96268e-06
0
2.77629e-06
0
0
0
0
0
0
0
0
0
0
0
0
0
0
4.22358e-06
0
0
0
0
0
0
0
0
0
0
0
0
0
0
0
0
0
0
0
0
0
0
0
0
0
0
0
0
0
0
0
0
0
0
0
0
0
0
0
0
0
4.15837e-11
0
0
3.16948e-08
3.49706e-07
4.13665e-05
3.3817e-05
1.83955e-05
3.49706e-07
1.78729e-05
6.77355e-06
8.72705e-06
1.53762e-05
2.64834e-05
2.178e-05
7.92855e-06
1.04228e-05
5.10676e-05
1.68212e-05
1.17449e-06
3.40032e-06
3.509e-07
3.49706e-07
3.49706e-07
4.46397e-07
4.46397e-07
8.96985e-07
4.89437e-07
3.49706e-07
7.64381e-07
3.49706e-07
0
0
0
0
3.76489e-06
0
0
4.72238e-07
2.07902e-06
0
0
0
0
0
0
0
0
0
0
0
0
0
0
0
0
0
0
0
0
0
0
0
0
0
0
0
0
0
0
0
1.97246e-69
0
0
0
7.3661e-09
7.3661e-09
7.3661e-09
7.3661e-09
7.3661e-09
7.3661e-09
7.3661e-09
7.44726e-09
6.81146e-06
1.21117e-07
1.21319e-05
0
0
0
0
0
5.62722e-06
0.00014832
9.99082e-05
4.57982e-05
3.77557e-05
4.07206e-05
0
8.27311e-63
8.27311e-63
0
0
8.27311e-63
0
0
8.27311e-63
0
0
0
0
0
0
0
0
0
0
2.91352e-09
0
0
0
0
0
7.6485e-08
0
0
0
5.05734e-07
0
0
1.97246e-69
0
0
0
5.93278e-06
0
0
1.36439e-05
1.74644e-05
5.93538e-05
1.15126e-06
2.7958e-06
3.9073e-06
8.59898e-05
1.15126e-06
1.15126e-06
1.15126e-06
1.15126e-06
1.15126e-06
1.15126e-06
1.09488e-05
7.75187e-05
3.4749e-06
5.10329e-05
1.22482e-06
2.44756e-06
2.97276e-06
6.75037e-05
1.17331e-05
1.33452e-06
6.8816e-06
4.84898e-05
1.15126e-06
1.15126e-06
2.13184e-05
1.15126e-06
1.15588e-05
1.15126e-06
1.49796e-06
1.32554e-06
0
0
0
4.32454e-07
1.97246e-69
1.97246e-69
0
1.31372e-10
2.07442e-05
2.45369e-05
9.46523e-05
7.03909e-06
3.8192e-06
8.43856e-07
2.16111e-05
2.78591e-05
2.84369e-06
1.3701e-06
1.3701e-06
1.3701e-06
0
0
0
0
0
0
5.09824e-06
0
0
0
0
0
0
0
0
0
0
0
6.1641e-06
1.97246e-69
0
0
0
0
0
0
0
0
0
0
0
0
5.22062e-07
0
0
0
0
2.16309e-09
1.54671e-07
2.33258e-09
0
0
5.52853e-07
0
7.7101e-10
0
0
0
0
0
0
0
0
1.85694e-58
0
2.05315e-05
1.47172e-07
0
0
1.61331e-07
1.84634e-10
3.05002e-11
4.06071e-11
1.04915e-11
1.04915e-11
1.04915e-11
1.04915e-11
1.04915e-11
1.54288e-11
1.04915e-11
1.04915e-11
1.04915e-11
1.66598e-10
1.04915e-11
1.04915e-11
1.03141e-11
2.04902e-11
1.01758e-11
1.01758e-11
3.76246e-09
3.75778e-09
1.04915e-11
1.03141e-11
1.03141e-11
0
3.63523e-09
3.63523e-09
3.63523e-09
3.63523e-09
3.63523e-09
3.63523e-09
3.63523e-09
3.63523e-09
3.63523e-09
3.63523e-09
3.63523e-09
3.63523e-09
3.63523e-09
3.63523e-09
7.15145e-09
3.63523e-09
3.63523e-09
3.63523e-09
3.63523e-09
3.63523e-09
3.63523e-09
7.97968e-08
3.63523e-09
7.15145e-09
3.39326e-06
7.1587e-09
7.15145e-09
3.63523e-09
3.0773e-08
7.15145e-09
0
0
0
0
8.35464e-09
0
0
5.67564e-09
5.67564e-09
5.50746e-09
5.50746e-09
0
5.50746e-09
2.67154e-08
1.68175e-10
5.02283e-06
2.37889e-08
2.37889e-08
2.36577e-08
2.90288e-08
1.82815e-08
1.82815e-08
2.67154e-08
2.67154e-08
2.35295e-08
2.28787e-08
2.67154e-08
2.49293e-08
2.35295e-08
2.35295e-08
2.35295e-08
0
5.50746e-09
5.67564e-09
2.67154e-08
2.35295e-08
2.60648e-08
2.60648e-08
2.60648e-08
1.81502e-08
2.6418e-08
2.60648e-08
8.2227e-09
8.2227e-09
2.60648e-08
2.60648e-08
2.67154e-08
1.12238e-07
0
0
8.54096e-07
8.38977e-07
8.38977e-07
4.57295e-05
1.53724e-05
8.38977e-07
3.63203e-05
4.23301e-06
4.14527e-05
3.07967e-06
7.80069e-05
2.81462e-06
8.38977e-07
0
8.13945e-10
0
6.21635e-07
6.21635e-07
6.21635e-07
6.21635e-07
6.21635e-07
1.33097e-08
1.33097e-08
3.58451e-06
2.08052e-06
1.95298e-08
1.07083e-06
1.29246e-06
1.33097e-08
1.33097e-08
0
0
0
2.913e-06
3.02299e-06
7.46137e-07
3.08171e-06
2.78174e-06
2.913e-06
3.98774e-06
2.913e-06
2.913e-06
7.46137e-07
1.31641e-06
2.913e-06
6.00119e-07
2.913e-06
1.35709e-06
2.92156e-07
4.64276e-07
4.64276e-07
4.64276e-07
4.64276e-07
4.64276e-07
4.64276e-07
4.64276e-07
0
0
1.97246e-69
6.5549e-07
7.59449e-09
1.85701e-06
4.33859e-06
0
0
0
0
0
0
0
0
0
0
0
0
1.67733e-06
0
0
0
0
0
0
2.53589e-05
0
0
0
0
0
0
5.7383e-07
0
0
5.61758e-09
5.63034e-09
5.63034e-09
4.44643e-06
1.05024e-07
0
0
0
0
0
0
0
0
0
0
0
0
8.58859e-07
0
1.56357e-05
0
0
2.17574e-08
1.63886e-06
2.17574e-08
2.17574e-08
1.14591e-07
1.18649e-05
2.17574e-08
0
0
0
0
0
0
6.01757e-08
0
0
0
0
0
0
0
0
0
0
0
1.96421e-08
1.06331e-05
6.48633e-07
0
0
0
0
0
0
0
0.0088754
0
0
0
3.03028e-06
6.15212e-07
8.8447e-10
0
0
2.13699e-09
4.3544e-08
2.13699e-09
4.3544e-08
2.13699e-09
2.13699e-09
2.99747e-08
2.91822e-08
2.13699e-09
2.91822e-08
2.91822e-08
2.13699e-09
2.91822e-08
2.91822e-08
2.13699e-09
2.91822e-08
2.91822e-08
3.06229e-07
1.22846e-05
2.92659e-07
0
0
0
0
0
0
1.24783e-29
1.24783e-29
1.24783e-29
1.24783e-29
1.24783e-29
1.24783e-29
1.24783e-29
9.5183e-30
1.97246e-69
5.91322e-30
9.5183e-30
4.01049e-30
0
2.03981e-30
2.03981e-30
5.41755e-06
0
0
0
0
0
0
0
2.6949e-08
3.52971e-11
0
0
0
0
0
0
0
0
0
0
0
0
0
0
0
0
0
0
0
0
0
0
0
0
0
0
0
0
0
0
0
0
0
0
0
0
0
7.37352e-08
1.02749e-06
0
2.77965e-06
1.42662e-08
1.41196e-07
0
0
0
1.29269e-07
2.24804e-06
0
0
0
0
1.3406e-07
0
0
0
0
0
0
0
0
0
0
0
0
1.97246e-69
6.68993e-06
1.86897e-09
0
0
5.08452e-07
1.86897e-09
0
0
0
0
0
0
0
0
7.96047e-07
7.61687e-08
7.61687e-08
4.28378e-07
7.61687e-08
7.61687e-08
7.61687e-08
7.61687e-08
2.1821e-07
7.61687e-08
7.61687e-08
7.61687e-08
7.61687e-08
0
0
0
1.24755e-07
0
0
0
0
0
1.57709e-06
0
0
0
0
0
0
0
0
0
0
0
0
0
0
0
0
0
0
0
0
0
1.97246e-69
0
0
0
0
0
0
0
1.31833e-09
0
1.86054e-05
1.90963e-08
3.35324e-08
0
0
0
0
0
0
0
0
0
0
0
0
0
0
0
0
0
0
0
0
0
0
0
0
0
0
0
0
0
0
0
0
6.93999e-56
6.93999e-56
0
2.28145e-05
8.79994e-08
3.44953e-07
0
7.6827e-07
7.70186e-07
0
1.05699e-07
0
0
0
0
0
0
3.9011e-06
3.27566e-07
3.27566e-07
3.27566e-07
3.27566e-07
3.27566e-07
3.27566e-07
4.49776e-06
4.44483e-05
9.77809e-07
6.65433e-06
7.69464e-06
1.21307e-05
1.67111e-05
1.97246e-69
0
0
5.13615e-06
1.61076e-06
4.28097e-07
3.28386e-07
3.28386e-07
3.28386e-07
6.8632e-06
1.17748e-05
3.28386e-07
3.28386e-07
7.31014e-06
4.28097e-07
1.22525e-05
1.08591e-06
4.20738e-07
3.28386e-07
3.28386e-07
5.55542e-06
3.28386e-07
3.28386e-07
3.28386e-07
3.28386e-07
3.28386e-07
3.28386e-07
3.28386e-07
3.28386e-07
4.03539e-06
5.99022e-07
4.28097e-07
5.4232e-07
5.4232e-07
5.4232e-07
3.28386e-07
1.78685e-06
6.5229e-07
3.28386e-07
3.28386e-07
3.76452e-07
3.28386e-07
3.28386e-07
3.28386e-07
3.28386e-07
3.28386e-07
1.38772e-06
3.28386e-07
1.89281e-06
1.38772e-06
1.38772e-06
1.38772e-06
1.70666e-06
3.28386e-07
3.28386e-07
3.28386e-07
3.28386e-07
3.28386e-07
3.28386e-07
3.28386e-07
3.28386e-07
3.28386e-07
3.28386e-07
3.28386e-07
4.28097e-07
3.28386e-07
6.48002e-07
1.51203e-06
0
0
3.00023e-07
0
0
0
0
0
0
0
0
0
0
3.2805e-07
0
4.70272e-54
4.70272e-54
4.70272e-54
4.70272e-54
4.70272e-54
0
0
0
0
0
0
0
0
0
0
0
1.4664e-05
6.35075e-07
6.35075e-07
6.35075e-07
6.35075e-07
1.23783e-07
6.35075e-07
4.56534e-05
6.35075e-07
2.16022e-07
2.16022e-07
2.16022e-07
2.16022e-07
2.16022e-07
2.03799e-07
5.3933e-07
5.3933e-07
5.3933e-07
5.3933e-07
5.3933e-07
5.3933e-07
5.3933e-07
5.3933e-07
5.3933e-07
5.3933e-07
5.3933e-07
5.3933e-07
5.3933e-07
5.3933e-07
5.3933e-07
5.3933e-07
5.3933e-07
5.3933e-07
5.3933e-07
6.35075e-07
6.35075e-07
6.35075e-07
6.35075e-07
6.35075e-07
6.35075e-07
6.35075e-07
6.35075e-07
6.35075e-07
6.35075e-07
6.35075e-07
6.35075e-07
6.35075e-07
6.35075e-07
6.35075e-07
6.35075e-07
6.35075e-07
6.35075e-07
6.35075e-07
6.35075e-07
6.35075e-07
6.35075e-07
6.35075e-07
6.35075e-07
6.35075e-07
6.35075e-07
6.35075e-07
6.35075e-07
6.35075e-07
6.35075e-07
6.35075e-07
6.35075e-07
6.35075e-07
6.35075e-07
6.35075e-07
6.35075e-07
6.35075e-07
6.35075e-07
6.35075e-07
6.35075e-07
6.35075e-07
6.35075e-07
3.17173e-07
2.75663e-10
0
0
0
0
2.16019e-05
3.56686e-05
2.79464e-07
0
7.36701e-07
0
0
0
0
0
0
0
0
0
0
0
0
0
0
0
0
6.41085e-06
3.26367e-05
6.04315e-06
2.4471e-05
2.68731e-05
1.56885e-05
1.40645e-05
6.02486e-06
3.35423e-05
1.01154e-05
1.82675e-05
8.11497e-06
1.18393e-05
7.93443e-06
2.82293e-06
4.87346e-05
1.04317e-05
2.05445e-05
1.60089e-05
1.21838e-05
2.20377e-05
2.66757e-06
1.52553e-06
1.52747e-06
2.8665e-06
3.30069e-05
7.87707e-06
8.31242e-06
1.45958e-05
2.46582e-06
2.40701e-05
1.54687e-05
3.99068e-06
1.2223e-05
1.95798e-06
1.22794e-05
1.75725e-05
1.22388e-05
2.8665e-06
7.75109e-06
9.49755e-06
1.14415e-05
7.30489e-06
1.64223e-05
1.52553e-06
2.00879e-06
0
0
0
0
0
0
6.1898e-59
6.1898e-59
6.1898e-59
1.15747e-06
0
3.42743e-05
6.9189e-07
7.11883e-06
8.14351e-06
0
6.9189e-07
6.9189e-07
4.01111e-06
6.9189e-07
2.47706e-05
6.9189e-07
6.9189e-07
6.9189e-07
6.9189e-07
6.9189e-07
6.9189e-07
6.9189e-07
6.9189e-07
6.9189e-07
5.07578e-05
6.9189e-07
1.47674e-06
1.97246e-69
0
0
6.95228e-07
0
0
0
1.10914e-05
1.97246e-69
0
0
0
0
0
0
0
0
0
0
0
0
0
0
0
0
5.84698e-06
0
0
0
0
0
0
0
0
5.5016e-09
1.31227e-10
1.31227e-10
1.31227e-10
1.31227e-10
1.31227e-10
1.31227e-10
1.31227e-10
1.31227e-10
1.31227e-10
1.31227e-10
1.31227e-10
1.31227e-10
1.31227e-10
1.31227e-10
1.31227e-10
1.31227e-10
1.31227e-10
1.31227e-10
1.31227e-10
1.31227e-10
1.31227e-10
1.31227e-10
1.31227e-10
1.31372e-10
2.86844e-10
2.86844e-10
0
8.27311e-63
8.27311e-63
8.46943e-06
0
0
0
6.24782e-07
9.65533e-07
9.65533e-07
0
9.65533e-07
9.65533e-07
9.65533e-07
9.65533e-07
0
9.65533e-07
9.65533e-07
9.65533e-07
6.18081e-07
0
0
0
0
2.27275e-06
1.10806e-05
9.54081e-06
9.65533e-07
6.8649e-05
0
4.70272e-54
4.70272e-54
4.70272e-54
4.70272e-54
4.70272e-54
6.45525e-05
1.1367e-07
1.1367e-07
1.1367e-07
1.1367e-07
1.1367e-07
1.1367e-07
1.1367e-07
1.1367e-07
1.55999e-06
3.01366e-07
1.1367e-07
1.1367e-07
1.42888e-07
1.1367e-07
0
0
0
0
4.71981e-06
0
0
0
0
3.88741e-07
3.88741e-07
2.17351e-06
0
4.79644e-08
0
0
0
6.30945e-08
3.8888e-07
0
0
0
0
0
2.40065e-05
1.41263e-05
8.15724e-07
4.14964e-07
1.67829e-07
1.67829e-07
0
0
5.07876e-06
7.2312e-09
7.2312e-09
7.2312e-09
9.1138e-06
2.8181e-05
1.27498e-05
1.15722e-07
1.08562e-05
1.83138e-07
7.02414e-07
0
0
0
0
0
0
0
0
0
0
0
0
0
0
0
0
0
0
4.34824e-08
1.17081e-06
9.39995e-09
0
9.8752e-05
8.57635e-07
0
0
6.18129e-71
0
0
7.57057e-08
3.64879e-50
6.83048e-07
9.29748e-07
0
6.18129e-71
4.76165e-07
1.64828e-05
2.47848e-06
0
7.89456e-07
0
0
0
6.18129e-71
0
0
0
2.96335e-06
1.50548e-07
0.000104709
0
2.06175e-08
0
1.03933e-08
6.71603e-11
1.61614e-07
1.80128e-07
6.18129e-71
0
0
0
6.18129e-71
4.75926e-09
0
0.095693
0
8.99084e-06
1.17984e-07
6.51523e-08
0
0
6.18129e-71
2.17486e-07
2.40894e-05
5.18524e-64
0
2.39688e-09
6.18129e-71
0
3.39732e-05
4.53862e-06
6.18129e-71
6.18129e-71
4.11691e-12
1.53508e-05
0
0
6.18129e-71
4.98796e-09
0
5.81926e-60
4.5567e-06
4.61206e-09
5.06158e-09
2.43755e-10
1.1343e-07
1.81716e-07
2.35494e-05
3.51275e-07
4.39908e-06
1.47724e-07
6.18129e-71
2.14937e-07
1.61145e-07
0
0
5.6546e-07
6.15544e-10
2.03268e-08
0
0
4.03743e-07
3.77271e-30
0
0
0
0
1.57405e-07
1.89024e-06
2.01906e-06
6.18129e-71
1.6051e-08
0
0
2.25857e-06
0
0
6.18129e-71
0
0
0
5.83654e-07
0
0
2.15073e-07
4.3497e-57
4.8212e-08
3.31238e-09
0
8.62458e-06
6.18129e-71
9.47586e-06
7.36867e-55
0
1.43068e-06
0
1.8035e-06
0
3.92684e-05
5.81926e-60
1.88581e-05
0
1.90387e-10
5.18524e-64
2.65414e-07
3.17135e-06
0
7.36867e-55
3.4095e-06
1.03397e-05
0
4.53278e-06
1.80455e-07
2.97858e-06
1.49766e-07
0
0
0
4.69778e-05
0
0
1.40154e-05
1.56684e-06
0
0
1.40154e-05
0
0
0
0
8.57061e-06
5.68012e-06
4.59541e-07
2.15132e-06
1.86002e-06
0
5.94143e-06
4.7263e-06
9.92788e-06
2.11196e-06
0.000109181
1.44519e-05
8.73047e-07
1.34303e-06
7.61423e-06
0
6.79811e-06
0.000102635
1.82097e-05
8.56132e-06
0
2.29528e-05
7.14958e-07
2.47647e-05
0
0.000102618
4.22937e-06
2.86628e-06
2.28792e-06
1.42035e-06
1.86002e-06
0
8.59225e-07
7.29085e-06
1.43068e-06
1.57785e-06
1.72076e-07
2.86354e-05
1.18706e-05
5.35104e-06
2.75886e-05
3.83465e-06
0
2.79376e-05
1.61684e-05
1.49899e-05
3.9129e-08
9.75707e-05
1.21145e-05
4.95762e-06
1.60531e-05
1.5235e-05
1.53801e-05
8.34677e-06
1.56467e-06
8.27525e-06
1.32079e-05
1.18978e-05
1.92352e-05
1.53622e-05
8.32633e-06
5.98597e-06
1.50447e-05
4.70902e-06
0
0
0
8.70073e-06
3.51234e-05
0.000131202
3.27192e-06
1.08359e-05
7.64708e-06
1.05561e-05
3.52039e-06
9.40532e-06
4.4182e-06
1.68708e-05
1.31804e-05
5.23671e-06
1.90166e-05
9.75707e-05
3.27192e-06
1.43068e-06
3.26138e-06
7.31452e-06
9.41899e-06
3.27192e-06
8.69709e-06
3.58701e-06
6.0714e-06
1.51243e-05
0
0
8.20357e-07
7.30801e-06
5.3896e-06
1.7327e-05
1.34767e-05
8.76146e-08
8.20357e-07
2.2478e-06
8.20357e-07
1.43068e-06
5.50393e-06
9.90014e-05
0
0.000106236
9.08112e-06
1.68598e-05
3.88982e-07
5.31204e-06
8.20357e-07
3.91329e-06
9.33615e-06
1.2761e-06
1.98452e-05
3.20437e-06
5.05833e-06
5.9338e-07
5.92765e-07
6.48844e-07
5.92765e-07
4.03956e-06
1.87357e-05
8.33392e-06
1.43068e-06
4.03956e-06
4.68219e-06
1.01648e-06
1.60833e-06
3.68045e-05
5.92765e-07
5.92765e-07
1.60833e-06
5.92765e-07
0.000111006
1.02646e-06
0.000120991
5.92765e-07
1.41629e-05
5.92765e-07
2.23475e-06
5.92765e-07
1.61923e-06
1.60833e-06
1.94586e-07
0
0
3.50585e-06
0
0
0
3.16664e-06
3.68997e-07
7.94267e-08
2.2512e-06
1.18354e-06
5.29503e-06
8.0335e-07
9.95516e-06
7.52152e-06
4.28808e-06
4.8174e-07
3.49794e-06
8.34568e-07
2.35179e-06
5.59375e-06
4.64803e-06
3.1611e-06
7.94267e-08
8.0335e-07
4.99423e-07
2.27318e-06
7.49631e-06
1.96479e-06
1.01061e-06
4.38326e-05
0.000249527
4.42611e-06
2.41308e-05
2.06503e-05
5.08544e-05
4.34184e-05
9.81394e-05
3.92283e-05
2.08256e-05
0.00013221
1.01061e-06
3.64673e-05
4.84526e-06
1.43068e-06
0.000125655
7.98799e-06
3.76666e-05
0.000133545
4.65658e-08
2.90532e-05
3.65034e-05
0.000143357
3.8507e-05
1.35656e-05
0.000133726
3.16915e-05
0.000129804
3.84777e-05
3.50677e-05
2.45539e-05
2.73488e-07
5.99626e-06
2.33895e-06
6.95511e-06
2.74589e-06
1.20715e-05
1.33009e-06
1.40116e-07
9.08302e-06
3.57409e-06
1.99481e-06
4.50486e-06
6.73975e-06
2.41957e-05
5.2157e-06
3.25785e-06
2.52458e-06
7.5794e-06
1.09157e-05
2.41125e-05
3.45327e-06
2.28353e-05
1.16363e-06
1.87859e-06
1.19313e-05
0.000113781
2.00969e-06
1.16363e-06
1.16363e-06
2.04297e-06
1.28179e-05
0.000107766
2.75283e-06
0
8.69323e-06
4.52911e-07
4.52911e-07
4.52911e-07
4.34462e-06
4.53454e-07
2.36005e-06
4.52911e-07
4.5679e-07
1.98528e-05
4.25865e-06
4.52911e-07
1.67676e-06
8.02861e-07
2.1242e-05
1.92219e-05
3.52982e-05
8.17525e-06
1.66883e-05
4.52911e-07
5.50315e-07
5.74032e-06
8.63056e-06
3.72874e-06
0.000102961
6.97418e-06
4.86304e-06
1.59111e-06
0
6.18129e-71
6.18129e-71
0.000137858
1.06561e-05
1.51639e-06
1.518e-06
1.21145e-05
1.43068e-06
0.000128835
3.38428e-05
1.74142e-06
2.25914e-05
5.60867e-06
1.51639e-06
3.95389e-05
1.69531e-05
1.40154e-05
6.00807e-06
2.74971e-06
3.95389e-05
2.2603e-05
1.00432e-05
0.00014571
7.17181e-06
9.30772e-07
1.69661e-05
1.04203e-06
3.60382e-05
4.19733e-07
4.91141e-06
0.000100203
2.56963e-06
4.19733e-07
4.19733e-07
4.19733e-07
3.50274e-06
4.91141e-06
4.19733e-07
1.49542e-06
2.13658e-06
1.65645e-06
4.19733e-07
4.19733e-07
7.17181e-06
1.07292e-05
4.03472e-06
4.19733e-07
1.83883e-06
8.26875e-06
1.60339e-06
7.68156e-07
2.85401e-05
6.86586e-06
9.26397e-06
2.49465e-08
1.51184e-05
8.8115e-06
4.3077e-07
9.90014e-05
2.1906e-05
8.76146e-08
1.62799e-06
4.922e-07
8.40497e-06
8.25601e-06
3.59546e-07
4.54507e-05
1.57497e-06
8.58224e-06
6.52665e-06
0
0
1.02654e-05
0
0
3.64879e-50
1.16626e-06
2.08946e-06
2.87388e-07
8.70514e-06
1.74095e-07
1.40154e-05
1.6052e-05
2.87388e-07
9.90014e-05
1.40154e-05
3.16664e-06
9.90014e-05
1.74095e-07
1.74095e-07
9.81663e-07
0
0
3.06509e-05
9.81663e-07
1.78026e-05
3.27295e-05
9.90014e-05
1.85736e-05
6.68074e-07
2.39688e-09
3.35128e-05
1.12419e-05
2.3675e-05
2.47033e-06
1.43068e-06
9.81663e-07
9.90014e-05
1.43068e-06
9.81663e-07
2.67875e-05
3.93647e-06
0
0
2.27282e-06
4.50511e-06
4.2859e-09
4.2859e-09
4.2859e-09
7.19244e-07
2.87056e-06
4.2859e-09
4.29071e-09
3.19782e-07
4.2859e-09
4.2859e-09
4.2859e-09
4.2859e-09
4.2859e-09
4.2859e-09
4.2859e-09
0
2.62786e-06
0
5.12732e-06
0
0
0
0
4.59541e-07
2.7761e-06
3.7227e-06
2.09734e-06
7.54308e-07
2.14491e-05
2.09734e-06
6.28015e-06
1.96602e-05
6.3131e-06
4.27626e-06
1.71711e-05
1.02646e-06
1.02277e-06
0
0
0
1.46983e-06
1.96479e-06
0
0
7.12234e-08
0
1.59338e-08
0
1.73049e-06
0
0
0
0
0
0
0
0
0
0
1.80128e-07
0
0
0
0
0
7.05364e-07
0
0
9.54209e-06
8.73925e-07
7.30465e-06
2.96073e-06
1.0629e-07
1.0629e-07
1.26461e-07
2.33198e-07
4.58848e-06
1.0629e-07
2.12093e-06
1.0629e-07
0
1.60956e-07
1.35368e-07
1.35368e-07
9.72579e-07
2.0233e-06
1.35368e-07
1.35368e-07
3.41622e-06
1.01232e-05
1.26704e-06
9.89077e-06
2.95436e-06
1.35368e-07
4.20974e-07
2.36249e-06
9.84353e-06
1.33477e-07
1.33477e-07
2.03245e-06
1.33477e-07
1.33477e-07
9.12857e-06
3.84526e-06
8.41683e-09
2.02262e-06
2.76933e-06
9.84353e-06
1.88472e-05
0
1.73633e-05
8.65144e-07
1.79773e-05
4.87636e-06
9.55634e-06
8.65144e-07
8.65144e-07
9.75831e-06
1.77162e-05
9.65572e-06
2.31376e-06
4.78499e-06
4.40834e-06
3.3753e-05
2.37271e-05
2.54047e-05
2.51195e-06
3.93213e-06
8.82736e-06
7.78644e-06
5.36461e-06
1.02203e-05
7.76259e-07
1.24691e-06
1.6434e-05
1.45645e-05
8.89869e-06
8.65144e-07
1.53683e-06
1.61136e-06
1.60966e-06
1.60966e-06
1.60966e-06
1.30862e-05
0.000149029
1.2099e-05
1.60966e-06
1.60966e-06
4.64803e-06
0.000200862
1.6138e-06
4.75002e-06
5.62165e-06
1.43068e-06
0
1.66261e-05
2.18174e-05
1.66042e-05
9.75707e-05
4.19765e-06
1.30269e-05
2.8053e-06
5.23274e-06
1.1239e-05
3.95931e-06
3.63403e-06
2.02132e-05
6.22499e-07
1.49907e-06
1.12331e-07
1.2114e-05
6.22499e-07
3.19782e-06
2.01708e-05
1.2761e-06
9.75707e-05
2.78262e-05
9.76783e-06
2.22011e-06
1.50955e-05
8.84003e-06
0
1.24413e-07
1.24413e-07
6.32325e-06
1.80563e-05
1.59124e-06
3.97357e-06
2.0935e-06
2.56899e-06
1.11178e-05
7.60219e-07
5.91087e-09
4.67351e-06
5.91087e-09
1.84143e-05
0
1.62316e-06
1.59338e-08
9.90014e-05
4.14248e-06
0
0
9.00361e-06
3.54534e-06
2.03526e-06
2.8519e-06
2.1877e-06
7.15786e-07
2.20718e-06
5.04287e-07
1.12945e-05
5.13461e-06
1.39935e-05
8.82043e-08
7.15786e-07
7.15786e-07
5.50782e-06
1.43068e-06
0.000152572
2.57581e-06
7.15786e-07
0.000102408
1.13462e-06
9.38465e-06
7.57326e-07
1.43068e-06
0
0
6.18129e-71
1.57405e-07
0
0
1.70248e-09
4.64803e-06
0
0
0
0
1.51639e-06
0
9.18716e-09
5.366e-06
2.71737e-06
2.06175e-08
2.06175e-08
2.06175e-08
2.06175e-08
2.06175e-08
2.06175e-08
2.06175e-08
2.06175e-08
2.06175e-08
2.06175e-08
2.06175e-08
0
4.09407e-06
4.0607e-06
4.28808e-06
4.38992e-06
4.09407e-06
3.96454e-06
4.22801e-06
4.7688e-05
9.92166e-07
8.56299e-06
1.55386e-05
8.56299e-06
5.06095e-05
2.54138e-05
4.02374e-05
3.58596e-07
4.695e-05
0
8.63751e-06
3.43958e-08
3.32301e-06
0
1.69242e-05
0
1.07351e-05
6.17816e-08
0
3.61887e-08
3.61887e-08
3.61887e-08
1.43068e-06
3.61887e-08
1.19802e-06
7.54176e-07
3.61887e-08
3.20688e-06
3.61887e-08
3.49677e-06
0
7.06329e-07
4.67943e-07
2.4136e-08
6.06907e-06
5.13512e-06
6.9826e-06
5.78511e-06
4.95637e-07
4.95637e-07
7.61211e-06
4.7628e-07
2.44458e-06
0.000104779
2.69768e-06
6.19553e-06
2.18435e-05
2.22011e-06
5.19485e-08
5.19485e-08
5.19485e-08
5.19485e-08
5.19485e-08
2.18099e-06
3.04591e-06
1.92899e-07
3.02782e-07
3.02782e-07
4.77569e-06
7.36973e-08
3.02782e-07
7.37886e-08
3.02782e-07
2.22533e-06
1.06701e-06
1.43068e-06
7.36973e-08
2.55969e-06
8.47127e-06
4.60081e-06
2.37305e-06
3.02782e-07
3.02782e-07
3.02782e-07
4.56538e-06
3.02782e-07
7.37886e-08
7.36973e-08
1.43068e-06
4.60081e-06
1.43307e-06
3.62775e-10
3.62775e-10
3.62775e-10
3.62775e-10
1.80491e-07
1.54097e-07
3.62775e-10
3.62775e-10
3.62775e-10
3.62775e-10
3.62775e-10
3.62775e-10
3.62775e-10
3.62775e-10
3.62775e-10
0
1.14872e-06
1.14872e-06
1.14872e-06
1.8667e-06
8.33966e-09
2.01834e-09
2.01834e-09
2.01834e-09
2.01834e-09
2.01834e-09
1.66667e-06
2.10311e-07
1.78528e-06
6.90429e-08
6.89653e-08
6.89653e-08
2.61981e-06
1.92899e-06
6.89653e-08
4.37847e-07
4.72276e-07
6.89653e-08
6.89653e-08
1.4293e-07
1.06347e-05
8.26573e-06
1.92899e-06
0
0
0
0
0
0
0
0
0
0
0
0
0
0
0
0
0
0
0
0
0.0313955
0.0940014
0
0
0
0
0
0
0
0.0940014
0.0940014
0.0940014
0.0940014
0.0940014
0.0940014
0.0940014
0.0940014
0.0940014
0.0940014
0.0940014
0.0940014
0.0940014
0.0940014
0.0940014
0.0940014
0.0940014
0.0940014
0.0940014
0.0940014
0.0940014
0.0940014
0.0940014
0.0940014
0.0940014
0.0940014
0.0940014
0.0940014
0.0940014
0.0940014
0.0940014
0.0940014
0.0940014
0.0940014
0.0940014
0.0940014
0.0940014
0.0940014
0.0942796
0.0942796
0.0940014
0.0940014
0.0940014
0.0940014
0.0940014
0.0940014
0.0940014
0.0940014
0.0940014
0.0940014
0.0940014
0.0940014
0.0940974
0.0942796
0.0940014
0.0940014
0.0940014
0.0940014
0.0940014
0.0940014
0.0940014
0.0940014
0.0940014
0.0940014
0.0940014
0.0940014
0.0940014
0.0940014
0.0940014
0.0940014
0.0940014
0.0940014
0.0940014
0.0940014
0.0940014
0.0940014
0.0940014
0.0940014
0.0940014
0.0940014
0.0940014
0.0940014
0.0940014
0.0940014
0.0940014
0.094099
0.0940014
0.0940014
0.0940014
0.0940014
0.0940014
0.0940014
0.0940014
0.0940014
0.0940014
0.0940014
0.0940014
0.0940014
0.0940014
0.0940014
0.0940014
0.0940014
0.0940014
0.0940014
0.0940014
0.0940014
0.0940014
0.0940014
0.0940014
0.0940014
0.0940014
0
7.90452e-07
9.95857e-10
0
0
1.56269e-05
0
0
0
0
0
0
0
0
3.37951e-06
2.99152e-07
0
0
3.76524e-06
0
0
0
0
0
0
0
0
0
0
0
0
5.12659e-06
5.04623e-06
3.35713e-06
2.95492e-05
0
1.65376e-06
1.43068e-06
3.00977e-05
0
0.000101219
4.68523e-06
5.6764e-06
2.10565e-06
9.1859e-06
1.33102e-06
1.08022e-05
6.00958e-06
1.33102e-06
1.12232e-05
5.8227e-06
1.84982e-05
1.14927e-05
3.47582e-07
2.36044e-05
1.77167e-05
5.8227e-06
9.19663e-06
1.88807e-07
9.80385e-06
5.83146e-06
6.52826e-06
7.14958e-07
1.54818e-05
2.76617e-06
4.23367e-08
6.30628e-06
1.09464e-05
1.43068e-06
1.81633e-06
1.09464e-05
0
2.52055e-06
1.85343e-05
1.52365e-05
0
0
0
0
0
0
0
2.13457e-07
0
0
0
1.96479e-06
2.15132e-06
8.62162e-09
9.62364e-05
6.18129e-71
0
0
0
0
7.51754e-06
0
2.10311e-07
0
0
2.5673e-11
2.5673e-11
2.06432e-08
5.18524e-64
2.5673e-11
2.5673e-11
2.5673e-11
8.02795e-08
1.84657e-06
3.01488e-06
7.8119e-07
2.22011e-06
8.02795e-08
4.4797e-07
4.13499e-07
4.4797e-07
1.47882e-07
2.32315e-06
2.5107e-06
8.02795e-08
8.02795e-08
3.34132e-05
3.67103e-07
2.39688e-09
5.54978e-09
5.54978e-09
0
4.75243e-06
2.01464e-06
2.49771e-06
1.09698e-06
3.81194e-07
3.08733e-08
2.46548e-05
2.35268e-06
3.08733e-08
0
0
0
0
0
0
2.34961e-07
0
0
0
0
0
0
9.74037e-08
0
0
0
1.61614e-07
0.000104709
0
0
0
0
0
1.60956e-07
0
0
2.11543e-06
0
0
0
0
1.1006e-05
5.27982e-06
1.67021e-05
6.32685e-08
1.33917e-05
0
0
3.67486e-06
0
1.12129e-06
0
0
0
9.39995e-09
0
2.65414e-07
0
2.34961e-07
0
0
0
4.6512e-06
2.2509e-07
1.11371e-06
7.49302e-06
9.43325e-06
1.2863e-06
3.56454e-05
1.39428e-06
2.2509e-07
3.20046e-06
9.90014e-05
4.65658e-08
1.47762e-07
4.71087e-08
7.19375e-06
9.84841e-05
9.81509e-05
1.9336e-07
1.60956e-07
0
6.72527e-07
1.04818e-06
2.31132e-06
1.73144e-06
6.61586e-06
6.71683e-07
1.09947e-06
1.70641e-06
2.81233e-06
7.14958e-07
6.71683e-07
1.43068e-06
0
6.71683e-07
6.71683e-07
2.66708e-06
2.46602e-05
2.22696e-08
1.7393e-08
0
4.98796e-09
4.98796e-09
4.98796e-09
4.98796e-09
4.98796e-09
4.98796e-09
4.98796e-09
4.98796e-09
3.28183e-06
2.11796e-06
4.82887e-08
9.90537e-09
5.81926e-60
0
5.81926e-60
2.4136e-08
0
1.43068e-06
7.53733e-06
0
0
1.17908e-10
1.18391e-10
2.43118e-10
1.23128e-10
5.22084e-12
2.40889e-10
2.40889e-10
2.42162e-10
2.40889e-10
2.40889e-10
2.40889e-10
4.10011e-12
2.40889e-10
2.40889e-10
2.40889e-10
2.40889e-10
1.23473e-10
1.23473e-10
0
0
2.40889e-10
2.40889e-10
2.40889e-10
2.4376e-10
0
0
0
0
0
0
0
1.02646e-06
0
0
0
0
0
0
0
0
0
0
0
0
0
0
2.24339e-10
0
0
1.80128e-07
0
0
1.09959e-07
0
1.37878e-08
1.37878e-08
5.78229e-06
4.11639e-07
1.94544e-08
1.94544e-08
1.94544e-08
8.54055e-09
1.42693e-08
1.50506e-08
1.50506e-08
1.87374e-08
1.42693e-08
4.2945e-09
1.94544e-08
0
0
0
0
0
0
0
3.77913e-09
0
4.2945e-09
4.2945e-09
4.2945e-09
4.2945e-09
4.2945e-09
4.2945e-09
4.2945e-09
1.42693e-08
1.94544e-08
1.01497e-08
4.2945e-09
4.2945e-09
4.2945e-09
4.2945e-09
4.2945e-09
4.2945e-09
4.83336e-09
1.66066e-07
1.94544e-08
1.94544e-08
4.2945e-09
4.2945e-09
4.2945e-09
0
1.81716e-07
1.81716e-07
0
0
0
0
0
0
0
0
0
0
4.78677e-08
0
2.0643e-08
6.98559e-07
1.20061e-06
1.28103e-05
1.43068e-06
0
0
0
0
0
0
0
0
0
0
3.83465e-06
0
0
4.88097e-09
1.43068e-06
2.29517e-07
0
9.90014e-05
0
3.14379e-08
0
0
0
0
0
0
0
0
0
9.75707e-05
0
0
0
1.02178e-05
1.60956e-07
7.72545e-06
1.60956e-07
1.63222e-05
0
9.54737e-07
1.43068e-06
0
6.90077e-07
0
0
0
6.4155e-06
1.80719e-06
1.31055e-05
1.74122e-06
1.36716e-05
1.09505e-05
1.36847e-05
1.96618e-06
6.90077e-07
1.54113e-05
6.90077e-07
1.43068e-06
2.72533e-06
1.43068e-06
2.39968e-06
6.90077e-07
1.69631e-05
1.07361e-06
5.21319e-06
8.84234e-07
1.64974e-05
3.46811e-05
1.07361e-06
5.73916e-09
3.19362e-05
6.90077e-07
0
3.52886e-10
8.29936e-07
0
0
0
0
0
1.82778e-07
1.82778e-07
1.86069e-07
6.22615e-06
1.82778e-07
8.9092e-06
1.82778e-07
1.82778e-07
1.82778e-07
1.313e-06
1.82778e-07
5.77902e-06
4.78732e-05
2.40617e-06
0
2.12013e-07
1.43068e-06
0
1.47571e-08
0
0
0
1.80128e-07
0
1.58133e-06
1.09326e-05
8.02735e-07
1.17955e-05
1.59064e-06
1.43068e-06
2.13092e-05
8.02735e-07
1.02277e-06
2.03309e-05
9.29337e-06
8.02735e-07
2.22474e-05
0.000104953
7.13043e-06
2.97716e-06
1.0493e-05
7.01725e-06
3.33564e-07
0
0
1.72571e-07
1.72571e-07
1.72571e-07
1.72571e-07
8.8753e-07
5.52108e-06
1.72571e-07
4.00598e-05
9.58351e-06
1.43646e-08
2.34507e-06
0
0
0
2.37947e-08
2.38225e-08
4.03743e-07
4.03743e-07
4.03743e-07
4.03743e-07
4.03743e-07
4.03743e-07
4.03743e-07
4.03743e-07
4.03743e-07
4.03743e-07
4.03743e-07
4.03743e-07
4.03743e-07
4.03743e-07
4.03743e-07
4.03743e-07
4.03743e-07
3.84975e-07
2.24364e-08
3.97301e-07
4.03743e-07
3.02213e-08
3.9596e-07
4.03743e-07
3.9596e-07
3.02213e-08
0
0
0
0
0
0
0
0
3.33387e-30
2.73731e-30
0
2.73731e-30
3.64486e-30
0
0
0
2.2512e-06
1.32336e-05
3.33387e-30
2.2512e-06
1.02178e-05
1.43068e-06
3.51918e-30
0
0
8.46742e-10
1.10914e-12
9.90014e-05
1.10914e-12
4.93863e-08
1.51803e-08
1.51803e-08
1.51803e-08
1.51803e-08
1.51803e-08
1.51803e-08
1.51803e-08
0.000100015
1.51803e-08
4.80258e-06
1.51803e-08
1.51803e-08
5.08615e-06
1.51803e-08
1.51803e-08
1.51803e-08
9.1212e-06
1.51803e-08
1.51803e-08
1.51803e-08
1.43068e-06
1.51803e-08
0.000107192
1.51803e-08
1.51803e-08
1.51803e-08
3.69574e-07
1.51803e-08
8.72639e-06
1.51803e-08
1.57405e-07
1.58315e-07
0
0
1.09947e-06
2.12478e-05
0
0
6.65495e-07
1.43068e-06
6.65495e-07
1.17452e-05
1.44296e-05
2.68013e-06
3.87766e-06
1.16638e-05
1.25663e-05
7.17181e-06
6.62652e-06
3.88186e-06
6.65495e-07
6.65495e-07
0.000126058
6.65495e-07
7.17181e-06
1.35237e-05
6.50707e-06
6.05675e-06
2.08265e-05
6.69919e-07
0
0
0
1.6051e-08
1.6051e-08
0
0
5.18524e-64
5.18524e-64
5.81926e-60
5.81926e-60
5.81926e-60
9.90014e-05
9.90014e-05
6.18129e-71
0
0
0
0
0
0
0
0
0
0
0
0
0
2.11543e-06
8.00645e-06
8.65e-08
7.54574e-07
1.30579e-05
2.11163e-06
9.33022e-06
4.41663e-06
7.8501e-06
0
4.37966e-06
0.000132147
2.05822e-05
5.36348e-06
3.21217e-06
1.33381e-05
1.24231e-05
1.03112e-05
3.21217e-06
3.21217e-06
4.08521e-06
2.16823e-05
5.07219e-06
3.21217e-06
2.87922e-05
1.77457e-05
2.03009e-05
3.21217e-06
3.04981e-08
3.04981e-08
1.28179e-05
0
1.43068e-06
6.54276e-10
6.71683e-07
1.43068e-06
3.37998e-08
6.89163e-06
3.37998e-08
3.37998e-08
3.38411e-08
0
0
5.18524e-64
5.18524e-64
4.05428e-06
3.99319e-05
1.64385e-06
5.69762e-07
4.38803e-06
1.43068e-06
2.38039e-06
1.26564e-05
5.69762e-07
5.69762e-07
7.76259e-07
5.69762e-07
1.32208e-06
9.81405e-05
1.29046e-06
7.52314e-07
1.34602e-06
9.91339e-05
4.70336e-06
6.72602e-06
5.69762e-07
3.5822e-06
5.21779e-06
3.83176e-06
9.81405e-05
1.86002e-06
5.69762e-07
2.14986e-06
3.99319e-05
5.69762e-07
6.18129e-71
0
0
4.3497e-57
3.84313e-06
8.47764e-09
2.65843e-06
1.43068e-06
7.57387e-07
7.57387e-07
1.05975e-06
0
1.2644e-06
1.51726e-06
6.22615e-06
8.97526e-08
3.35141e-06
3.35141e-06
0
0
0
0
0
0
0
0
1.88793e-06
0
0
0
0
0
0
6.7052e-07
3.76934e-07
0
0
0
1.66883e-05
0
0
0
9.8752e-05
3.64879e-50
0
0
0
9.39995e-09
1.24967e-07
0
1.59338e-08
0
3.64879e-50
0
0
0
0
0
0
0
0
0
0
0
0
0
0
0
0
0
0
0
0
0
0
0
0
0
0
0
1.03933e-08
1.03933e-08
1.03933e-08
1.03933e-08
0
0
0
0
0
0
0
0
0
0
0
0
0
0
0
0
9.92166e-07
0.00037708
9.92166e-07
9.92166e-07
9.92166e-07
9.92166e-07
9.92166e-07
3.70628e-06
9.92166e-07
2.67747e-05
9.92166e-07
8.76955e-06
1.11713e-06
0
6.33852e-06
0
0
0
0
0
1.74524e-05
5.22917e-06
1.74524e-05
2.23411e-07
2.23411e-07
2.23411e-07
1.27121e-05
1.06334e-06
5.22999e-06
8.8779e-06
5.98714e-06
0
0
0
0
0
9.90014e-05
0
4.59541e-07
9.75707e-05
0
0
0
0
0
0
0
0
0
0
0
0
0
9.75707e-05
0
9.75707e-05
9.75707e-05
0
0
9.75707e-05
1.17984e-07
0
0
0
0
0
0
0
0
0
0
0
0
9.75707e-05
0
0
9.75707e-05
0
0
0
0
0
6.76959e-07
0
0
0
9.75707e-05
0
0
0
0
0
9.75707e-05
0
0
0
0
0
0
0
1.86002e-06
0
1.02646e-06
0
0
1.86002e-06
0
0
0
6.95638e-09
8.42012e-06
5.838e-06
1.43068e-06
0
0
0
7.09284e-06
1.79474e-06
7.1873e-06
7.09284e-06
7.09284e-06
2.1906e-05
7.09284e-06
7.09284e-06
7.09284e-06
7.09284e-06
7.1873e-06
7.09284e-06
7.09284e-06
7.1873e-06
9.90014e-05
7.74349e-09
6.56657e-06
7.74349e-09
0
0
0
0
0
0
0
0
0
2.20056e-06
4.34824e-08
0
0
0
0
0
0
4.49168e-06
0
0
0
1.14654e-05
2.01464e-06
0
0
0
0
0
0
0
1.09947e-06
0
2.44458e-06
0
0
1.26908e-07
2.20056e-06
0
0
0
0
0
0
1.36094e-06
0
0
2.53551e-06
1.90947e-06
8.66968e-06
4.93262e-07
4.8585e-06
7.1005e-06
0
0
0
0
2.1787e-08
0
0
0
0
2.1787e-08
0
0
0
0
0
0
0
0
0
6.07232e-06
0
0
0
0
0
0
0
0
2.1787e-08
2.1787e-08
0
0.000107647
1.12753e-05
6.18129e-71
0
0
1.46983e-06
6.18129e-71
4.99423e-07
2.06642e-05
4.99423e-07
4.99423e-07
4.51561e-06
6.11716e-07
4.99423e-07
6.07256e-06
4.99423e-07
4.99423e-07
6.11716e-07
6.07256e-06
8.95904e-06
1.21438e-06
0
1.59927e-06
4.99423e-07
4.99423e-07
1.98852e-05
4.99423e-07
1.64047e-05
4.51076e-06
8.47005e-07
4.11691e-12
1.90387e-10
1.90387e-10
1.90387e-10
1.90387e-10
1.90387e-10
1.90387e-10
1.90387e-10
1.90387e-10
1.90387e-10
1.90387e-10
1.90387e-10
1.90387e-10
1.90387e-10
1.90387e-10
1.90387e-10
1.90387e-10
1.90387e-10
1.90387e-10
1.90387e-10
1.90387e-10
1.90387e-10
1.90387e-10
1.90387e-10
1.57578e-07
0
0
3.84382e-09
0
0
0
1.50961e-09
1.50961e-09
1.33068e-08
3.17135e-06
1.95794e-08
1.95794e-08
3.17135e-06
1.95794e-08
1.95794e-08
1.95794e-08
1.95794e-08
3.17135e-06
1.95794e-08
1.95794e-08
1.95794e-08
3.17135e-06
3.17135e-06
3.17135e-06
3.17135e-06
3.17135e-06
0
0
0
0
2.34961e-07
6.18129e-71
1.60956e-07
0
0
0
0
6.9728e-10
0
0
0
0
0
0
0
1.57405e-07
0
0
0
0
0
0
3.06937e-06
2.04291e-06
2.04291e-06
5.80619e-06
0
2.04291e-06
6.18129e-71
2.04291e-06
2.04291e-06
1.57405e-07
0
0
2.47259e-06
0
1.78497e-06
2.17744e-07
6.11867e-09
0
1.43457e-06
6.11867e-09
2.17744e-07
1.78497e-06
1.44116e-06
6.11867e-09
4.59541e-07
0
4.03743e-07
0
0
0
6.47666e-08
1.93499e-06
7.95634e-07
7.16954e-09
7.16954e-09
7.16954e-09
0
0
0
0
0
0
0
1.22166e-05
8.70085e-07
1.43068e-06
1.88747e-06
2.86774e-06
2.15027e-06
5.31857e-06
8.53101e-07
3.96544e-05
8.53101e-07
7.54808e-07
5.76214e-06
8.69035e-07
8.53101e-07
8.53101e-07
8.77055e-07
8.89373e-07
0
