0.00562542
0.000193054
0.000317473
0.00013626
0.00128009
0.000381997
0.000153755
0.00114519
0.000103355
9.39997e-05
0.00015981
0.000494311
0.000352278
0.000182843
0.000665436
0.0018624
0.000202421
9.9062e-05
0.00180549
0.000588854
0.00106304
0.000324335
0.000427472
0.000210497
0.000856445
0.000206182
0.000720238
0.000882549
0.000136489
0.000676258
0.000853128
0.00472482
9.39997e-05
0.00010966
0.000597924
0.000568676
9.39997e-05
0.000501477
0.000176262
0.000794678
0.000606551
0.000231119
0.000694968
0.000236189
0.000116516
9.39997e-05
0.000309029
0.000248653
0.00171819
0.000221064
0.00182584
0.000263223
0.000571855
0.000151382
0.000898847
0.000216126
9.39997e-05
0.000115936
0.000618683
0.000401981
0.00188224
0.000884138
0.000126905
0.000260335
0.00015981
0.0011525
0.00119462
0.00160696
0.000946984
0.000588394
0.00019107
0.000399697
0.000192715
0.000266153
0.00028401
9.43044e-05
0.000237459
0.0012414
0.000364141
0.00177344
0.000450325
0.000357831
0.000337472
9.99825e-05
0.00054681
0.00119095
0.000138033
0.000395629
9.39997e-05
0.000156287
0.00112004
0.00172416
0.000411361
0.001122
0.000187074
0.000281583
0.00136686
9.39997e-05
0.000488131
9.39997e-05
0.00017021
0.000126905
0.000649673
0.000376646
0.000974246
0.000164197
0.00101846
0.00121831
0.000234944
0.000103401
0.000995187
9.43044e-05
0.00145299
9.39997e-05
0.000375866
0.00015981
9.52184e-05
0.000231104
0.000577033
0.00042305
0.000427438
0.000156591
0.00028726
9.39997e-05
9.77603e-05
0.000192376
0.000387
0.000205511
0.00175839
0.000126905
0.000105273
9.39997e-05
0.000116435
0.00029143
9.39997e-05
0.000239174
0.000199744
0.000428579
0.000535479
9.39997e-05
0.000160115
0.00122922
0.000717441
0.000714262
0.000238416
9.39997e-05
0.000189091
0.000273845
9.39997e-05
0.000699822
0.000357545
0.00134696
0.000613534
9.39997e-05
0.000591689
9.76558e-05
0.000714692
0.000252257
0.000663656
0.00022562
0.000221606
0.000605161
0.00119268
0.000293139
0.00104276
0.000343343
0.00116823
0.000241241
0.000252186
0.00119625
9.39997e-05
9.39997e-05
0.000418114
0.000673969
0.000166391
9.39997e-05
0.00015981
0.000171083
9.94839e-05
0.000405501
0.000210995
9.8748e-05
9.8748e-05
9.8748e-05
9.8748e-05
9.8748e-05
9.8748e-05
9.8748e-05
9.8748e-05
9.8748e-05
9.8748e-05
9.8748e-05
9.8748e-05
9.8748e-05
9.8748e-05
0.00214643
9.8748e-05
9.8748e-05
9.8748e-05
9.8748e-05
9.8748e-05
9.8748e-05
9.8748e-05
9.8748e-05
9.8748e-05
9.8748e-05
9.8748e-05
9.8748e-05
0.000283108
0.000283108
0.000283108
0.000283108
0.000283108
9.8748e-05
9.8748e-05
9.8748e-05
9.8748e-05
9.8748e-05
9.8748e-05
9.8748e-05
9.8748e-05
9.8748e-05
9.8748e-05
9.8748e-05
9.8748e-05
9.8748e-05
9.8748e-05
9.8748e-05
9.8748e-05
9.8748e-05
9.8748e-05
9.8748e-05
9.8748e-05
9.8748e-05
9.8748e-05
9.8748e-05
9.8748e-05
9.8748e-05
9.8748e-05
9.8748e-05
9.8748e-05
9.8748e-05
9.8748e-05
9.8748e-05
9.8748e-05
9.8748e-05
9.8748e-05
9.8748e-05
9.8748e-05
9.8748e-05
9.8748e-05
9.8748e-05
9.8748e-05
9.8748e-05
9.39997e-05
9.39997e-05
9.6269e-05
0.000225925
9.39997e-05
9.39997e-05
9.39997e-05
9.39997e-05
9.39997e-05
0.000327044
9.39997e-05
9.39997e-05
9.39997e-05
9.39997e-05
9.39997e-05
9.39997e-05
9.39997e-05
9.39997e-05
9.39997e-05
9.39997e-05
9.39997e-05
0.000181036
0.000181036
0.000181036
0.000181036
0.000181036
0.000181036
0.000181036
9.39997e-05
0.000171634
0.000171634
0.000171634
0.000193571
0.000171634
0.000193571
9.39997e-05
0.00020606
0.00020606
0.000157089
0.000171634
0.000171634
0.000483041
0.000171634
0.000171634
0.000171634
0.000171634
0.000171634
0.000171634
0.000171634
0.000171634
0.000171634
0.000171634
0.000171634
0.000171634
0.000171634
0.000171634
0.000171634
0.000171634
0.000171634
0.000171634
0.000171634
0.000171634
0.000171634
0.000171634
0.000171634
0.000171634
0.000171634
0.000171634
0.000171634
0.000171634
0.000171634
0.000171634
0.000479695
0.000185528
0.000171634
0.00238368
0.000171634
9.39997e-05
9.39997e-05
9.39997e-05
9.39997e-05
9.39997e-05
9.39997e-05
9.39997e-05
9.39997e-05
9.39997e-05
9.39997e-05
9.39997e-05
9.39997e-05
9.39997e-05
9.39997e-05
9.39997e-05
9.39997e-05
9.39997e-05
0.00267444
9.39997e-05
0.000143357
9.39997e-05
0.000525802
0.000860929
0.00101421
0.000195231
0.000189079
0.000275238
0.000275238
0.000275238
0.000239104
0.000263597
0.000195231
0.000359264
0.000104968
9.39997e-05
9.39997e-05
0.000285362
0.000285362
0.000238025
0.000749337
0.000749337
0.000195231
0.000278435
0.000278435
0.000238025
0.000285362
0.000278435
0.000972085
9.39997e-05
9.39997e-05
9.39997e-05
9.39997e-05
9.39997e-05
9.39997e-05
9.78709e-05
9.39997e-05
9.39997e-05
9.39997e-05
9.39997e-05
9.39997e-05
9.39997e-05
9.39997e-05
9.39997e-05
9.39997e-05
9.39997e-05
9.39997e-05
9.39997e-05
9.39997e-05
9.39997e-05
0.00013057
9.39997e-05
9.39997e-05
9.39997e-05
0.000886511
0.000146718
0.000146718
0.000146718
0.000165352
0.000146718
0.000160598
0.000146718
0.000146718
0.000146718
0.000146718
0.000146718
0.000270876
0.000270876
0.00201794
0.000315536
9.39997e-05
9.39997e-05
9.39997e-05
9.39997e-05
9.39997e-05
9.39997e-05
9.39997e-05
9.39997e-05
9.39997e-05
9.39997e-05
9.39997e-05
9.39997e-05
9.39997e-05
9.39997e-05
9.39997e-05
9.39997e-05
9.39997e-05
9.39997e-05
9.39997e-05
9.39997e-05
9.39997e-05
9.39997e-05
9.39997e-05
9.39997e-05
9.39997e-05
9.39997e-05
9.39997e-05
9.39997e-05
0.00263218
0.00110659
0.000860064
0.000387759
0.000378252
0.000108641
0.00043691
0.000162965
0.000583799
0.000583799
0.00186381
0.00214621
9.39997e-05
9.39997e-05
9.39997e-05
9.39997e-05
9.39997e-05
9.39997e-05
9.39997e-05
9.39997e-05
9.39997e-05
9.39997e-05
9.39997e-05
0.000182546
0.000111829
0.000111829
0.000111829
0.000111829
0.000103579
0.000103579
0.000103579
0.000161558
0.000103579
0.000161558
0.000103579
9.99226e-05
0.000154612
0.000443598
0.000101694
0.000108641
0.000108641
9.39997e-05
9.39997e-05
0.000243414
9.39997e-05
9.39997e-05
9.39997e-05
9.39997e-05
9.39997e-05
9.39997e-05
9.39997e-05
9.39997e-05
9.39997e-05
9.39997e-05
9.39997e-05
9.39997e-05
9.39997e-05
9.39997e-05
9.39997e-05
9.39997e-05
9.39997e-05
9.39997e-05
0.000136106
9.84175e-05
9.81129e-05
9.81129e-05
9.81129e-05
9.81129e-05
9.81129e-05
9.81129e-05
9.81129e-05
9.81129e-05
0.0001025
9.81129e-05
9.81129e-05
9.81129e-05
0.000146935
0.00167673
9.39997e-05
9.71657e-05
0.000498777
9.39997e-05
9.39997e-05
9.39997e-05
0.000162026
0.000176455
0.000176455
0.000176455
0.000181497
0.000181497
0.000181497
0.000181497
0.000174185
0.000181497
0.000181497
0.000862424
9.39997e-05
9.39997e-05
9.39997e-05
0.000619025
9.39997e-05
9.39997e-05
9.39997e-05
9.39997e-05
9.39997e-05
0.000126905
9.39997e-05
0.000130561
9.39997e-05
9.39997e-05
9.39997e-05
0.000162241
9.39997e-05
9.39997e-05
9.39997e-05
9.39997e-05
0.000118026
9.39997e-05
9.39997e-05
9.39997e-05
0.000297798
0.000175519
0.000216279
0.000133326
9.39997e-05
0.000175519
9.39997e-05
0.000264781
9.39997e-05
0.000229389
0.000195093
9.39997e-05
0.000349238
0.00013085
9.39997e-05
0.000185692
0.000349238
0.000444914
9.39997e-05
9.39997e-05
9.39997e-05
0.000490197
9.39997e-05
9.39997e-05
9.39997e-05
9.39997e-05
9.39997e-05
0.000345733
0.000110452
0.000110452
9.39997e-05
9.39997e-05
0.000515363
0.000110452
0.000597818
9.39997e-05
0.000440003
9.39997e-05
9.39997e-05
9.39997e-05
0.000690066
9.67858e-05
9.39997e-05
9.39997e-05
9.39997e-05
9.39997e-05
9.39997e-05
9.39997e-05
9.39997e-05
9.39997e-05
9.39997e-05
0.000502628
9.39997e-05
9.39997e-05
9.39997e-05
9.39997e-05
0.00241693
0.00273509
0.000311365
0.00225684
0.000121559
0.000121559
0.000126621
0.000310042
9.96672e-05
9.96672e-05
9.61226e-05
0.000121559
0.000133525
0.000323331
0.000311365
0.000310042
0.000315105
0.000846175
0.000315105
0.000126621
0.000315105
0.000311365
0.000980935
0.00055537
0.000894032
0.000864522
0.00055537
0.000101526
0.000101526
0.000101526
0.000101526
0.000101526
0.000101526
0.000101526
0.000123462
0.000101526
0.000101526
0.000101526
9.39997e-05
0.000101526
0.000101526
0.000101526
0.000101526
0.000101526
0.000101526
0.000101526
0.000101526
0.000101526
0.000101526
0.000101526
0.000101526
0.000101526
0.000101526
0.000101526
0.000101526
0.000101526
0.000101526
0.000101526
0.000101526
0.000101526
0.000101526
0.000101526
0.000101526
0.000101526
0.000101526
9.39997e-05
0.000101526
0.000101526
0.000133525
0.000121559
0.000121559
9.39997e-05
0.0006271
9.39997e-05
9.39997e-05
9.39997e-05
9.39997e-05
9.39997e-05
9.39997e-05
9.39997e-05
9.39997e-05
9.39997e-05
9.9062e-05
9.39997e-05
9.39997e-05
9.39997e-05
9.39997e-05
0.000121591
9.39997e-05
0.00320942
0.00367146
0.000691426
9.39997e-05
9.39997e-05
9.39997e-05
9.39997e-05
9.39997e-05
9.39997e-05
9.39997e-05
9.39997e-05
9.39997e-05
9.39997e-05
9.39997e-05
9.39997e-05
9.39997e-05
9.39997e-05
9.39997e-05
9.39997e-05
9.39997e-05
9.39997e-05
9.39997e-05
9.39997e-05
9.39997e-05
9.39997e-05
9.39997e-05
9.39997e-05
9.39997e-05
9.39997e-05
9.39997e-05
0.000121049
9.39997e-05
9.39997e-05
9.39997e-05
9.39997e-05
9.39997e-05
9.39997e-05
9.39997e-05
9.39997e-05
9.39997e-05
9.39997e-05
9.39997e-05
9.39997e-05
9.39997e-05
9.39997e-05
9.39997e-05
9.39997e-05
9.39997e-05
9.39997e-05
9.39997e-05
9.39997e-05
9.39997e-05
9.39997e-05
9.39997e-05
9.39997e-05
9.39997e-05
9.39997e-05
9.39997e-05
9.39997e-05
9.39997e-05
9.39997e-05
9.39997e-05
9.39997e-05
9.39997e-05
9.39997e-05
9.39997e-05
9.39997e-05
9.39997e-05
9.39997e-05
9.39997e-05
0.000140937
0.000140937
0.000140937
0.000140937
0.000140937
0.000140937
0.000140937
0.000140937
0.000140937
0.000140937
0.000140937
0.000140937
0.000140937
9.39997e-05
9.39997e-05
9.39997e-05
9.39997e-05
9.39997e-05
9.39997e-05
9.39997e-05
9.39997e-05
9.39997e-05
9.39997e-05
9.39997e-05
9.39997e-05
9.39997e-05
9.39997e-05
9.39997e-05
9.39997e-05
9.39997e-05
0.000132389
0.000335186
0.000132389
9.39997e-05
9.39997e-05
9.39997e-05
9.39997e-05
9.39997e-05
9.39997e-05
9.39997e-05
9.39997e-05
9.39997e-05
9.39997e-05
9.39997e-05
9.39997e-05
9.39997e-05
9.39997e-05
9.39997e-05
9.39997e-05
9.39997e-05
9.39997e-05
9.39997e-05
9.39997e-05
0.00125842
0.000117283
0.000117283
0.000117283
0.000117283
0.000117283
0.000117283
0.000117283
0.000117283
0.000117283
0.000117283
0.000338344
0.000117283
0.000525538
0.000117283
0.000117283
0.000117283
0.000117283
0.000117283
0.000117283
9.39997e-05
0.000117283
0.000117283
0.000117283
0.000117283
0.000117283
0.000117283
0.000117283
0.000117283
0.000117283
0.000117283
0.000117283
0.000117283
0.000117283
0.000199398
0.000117283
0.000117283
0.000117283
0.000117283
0.000130445
0.000117283
0.000117283
0.000117283
0.000117283
0.000117283
0.000117283
0.000117283
0.000117283
0.000117283
0.000117283
0.000150188
0.000175259
0.00554992
0.001679
0.000117283
0.000117283
0.000117283
9.39997e-05
9.39997e-05
9.39997e-05
9.39997e-05
9.39997e-05
9.39997e-05
9.39997e-05
9.39997e-05
9.39997e-05
9.39997e-05
9.39997e-05
9.39997e-05
9.39997e-05
9.39997e-05
9.39997e-05
9.39997e-05
9.39997e-05
9.39997e-05
9.39997e-05
9.39997e-05
9.39997e-05
9.39997e-05
9.39997e-05
9.39997e-05
9.39997e-05
9.39997e-05
9.39997e-05
9.39997e-05
9.39997e-05
9.39997e-05
0.000174144
0.000141239
0.000197909
9.39997e-05
9.39997e-05
9.39997e-05
9.39997e-05
9.39997e-05
9.39997e-05
9.39997e-05
9.39997e-05
9.39997e-05
9.39997e-05
9.39997e-05
9.39997e-05
9.39997e-05
9.39997e-05
9.39997e-05
0.00019155
9.39997e-05
9.39997e-05
9.9062e-05
0.0034599
9.9062e-05
9.39997e-05
9.39997e-05
9.9062e-05
9.39997e-05
9.39997e-05
9.39997e-05
9.6237e-05
9.6237e-05
9.6237e-05
9.6237e-05
9.6237e-05
9.6237e-05
9.6237e-05
9.6237e-05
9.6237e-05
9.6237e-05
9.6237e-05
9.6237e-05
0.000118174
9.6237e-05
9.6237e-05
9.6237e-05
9.6237e-05
9.6237e-05
0.000112689
9.6237e-05
9.6237e-05
0.000134626
9.6237e-05
9.39997e-05
9.6237e-05
9.6237e-05
9.6237e-05
9.6237e-05
0.000118174
9.6237e-05
9.39997e-05
9.39997e-05
9.9062e-05
9.39997e-05
9.39997e-05
9.39997e-05
9.39997e-05
9.39997e-05
9.39997e-05
9.39997e-05
9.39997e-05
9.39997e-05
9.39997e-05
9.39997e-05
9.39997e-05
9.39997e-05
9.39997e-05
9.39997e-05
9.9062e-05
9.39997e-05
9.39997e-05
9.9062e-05
9.39997e-05
9.39997e-05
9.9062e-05
9.39997e-05
9.39997e-05
9.39997e-05
9.39997e-05
9.39997e-05
9.39997e-05
9.39997e-05
9.39997e-05
9.39997e-05
9.39997e-05
9.39997e-05
9.39997e-05
9.39997e-05
9.39997e-05
9.39997e-05
9.39997e-05
9.39997e-05
9.39997e-05
9.39997e-05
9.39997e-05
9.39997e-05
9.39997e-05
9.39997e-05
9.39997e-05
9.39997e-05
9.39997e-05
9.39997e-05
9.9062e-05
9.39997e-05
9.39997e-05
9.39997e-05
9.39997e-05
9.39997e-05
0.00354045
9.39997e-05
9.39997e-05
9.39997e-05
9.39997e-05
9.39997e-05
9.39997e-05
9.39997e-05
9.39997e-05
9.39997e-05
9.39997e-05
9.39997e-05
9.39997e-05
9.39997e-05
9.39997e-05
9.39997e-05
9.39997e-05
9.39997e-05
9.39997e-05
9.39997e-05
9.39997e-05
9.39997e-05
9.9062e-05
9.39997e-05
9.39997e-05
9.39997e-05
9.39997e-05
9.39997e-05
9.39997e-05
9.39997e-05
9.9062e-05
9.39997e-05
9.39997e-05
9.39997e-05
9.9062e-05
9.39997e-05
9.39997e-05
9.39997e-05
9.39997e-05
9.39997e-05
9.39997e-05
0.000531331
0.000237536
0.000228134
0.000224374
0.000237536
0.000237536
0.000224374
0.000191623
9.39997e-05
0.000184311
9.39997e-05
9.39997e-05
9.39997e-05
9.39997e-05
0.000184311
0.000184311
0.000184311
0.000184311
9.39997e-05
9.39997e-05
9.39997e-05
9.39997e-05
9.39997e-05
9.39997e-05
9.39997e-05
9.39997e-05
9.39997e-05
9.39997e-05
9.39997e-05
9.39997e-05
9.39997e-05
9.39997e-05
9.39997e-05
9.39997e-05
9.39997e-05
9.39997e-05
9.39997e-05
9.39997e-05
9.39997e-05
9.39997e-05
9.39997e-05
9.39997e-05
9.39997e-05
9.39997e-05
9.39997e-05
9.39997e-05
0.000506263
9.39997e-05
9.39997e-05
9.39997e-05
9.39997e-05
9.39997e-05
9.39997e-05
9.39997e-05
9.39997e-05
9.39997e-05
9.39997e-05
9.39997e-05
9.39997e-05
9.39997e-05
9.39997e-05
9.39997e-05
9.39997e-05
9.39997e-05
9.39997e-05
9.39997e-05
9.39997e-05
9.39997e-05
9.39997e-05
9.39997e-05
9.39997e-05
9.39997e-05
9.39997e-05
0.00217308
9.39997e-05
9.39997e-05
9.39997e-05
9.39997e-05
9.39997e-05
9.39997e-05
9.39997e-05
9.39997e-05
9.39997e-05
9.39997e-05
9.39997e-05
9.39997e-05
9.39997e-05
9.39997e-05
9.39997e-05
9.39997e-05
9.39997e-05
9.39997e-05
9.39997e-05
9.39997e-05
9.39997e-05
9.39997e-05
9.39997e-05
9.39997e-05
9.39997e-05
9.39997e-05
9.39997e-05
9.39997e-05
0.000157581
0.000157581
0.000157581
0.000157581
0.000157581
0.00015981
9.39997e-05
9.39997e-05
9.39997e-05
0.000115936
0.000115936
9.39997e-05
9.39997e-05
9.39997e-05
9.39997e-05
9.39997e-05
9.39997e-05
9.39997e-05
9.39997e-05
9.95152e-05
0.00626769
0.00207207
0.00180192
0.00291971
0.00332424
0.00027345
0.000655453
0.00196458
9.95152e-05
9.95152e-05
0.000111215
0.000655453
9.95152e-05
9.95152e-05
9.95152e-05
9.95152e-05
9.95152e-05
0.00135242
0.00011414
9.95152e-05
0.000106827
0.000106827
0.000106827
9.95152e-05
0.000106827
9.95152e-05
9.95152e-05
9.95152e-05
9.95152e-05
9.95152e-05
9.95152e-05
9.75209e-05
9.75209e-05
9.75209e-05
9.75209e-05
9.75209e-05
9.75209e-05
9.75209e-05
9.75209e-05
9.75209e-05
9.75209e-05
9.75209e-05
9.75209e-05
9.75209e-05
9.75209e-05
9.75209e-05
9.75209e-05
9.75209e-05
9.75209e-05
9.75209e-05
9.75209e-05
9.75209e-05
9.75209e-05
9.75209e-05
9.75209e-05
9.75209e-05
9.75209e-05
9.75209e-05
9.75209e-05
9.75209e-05
9.75209e-05
9.75209e-05
9.75209e-05
9.75209e-05
9.75209e-05
9.75209e-05
9.75209e-05
9.75209e-05
9.75209e-05
9.75209e-05
9.75209e-05
9.75209e-05
9.75209e-05
9.75209e-05
9.75209e-05
9.75209e-05
9.75209e-05
9.75209e-05
9.75209e-05
9.75209e-05
9.75209e-05
9.75209e-05
0.000107254
0.000358745
9.95152e-05
9.39997e-05
9.39997e-05
9.39997e-05
9.39997e-05
9.39997e-05
9.39997e-05
9.39997e-05
9.39997e-05
9.39997e-05
9.39997e-05
9.39997e-05
9.39997e-05
9.39997e-05
9.39997e-05
9.39997e-05
0.000148841
9.39997e-05
0.000212166
9.39997e-05
9.39997e-05
9.39997e-05
9.39997e-05
9.39997e-05
9.39997e-05
9.39997e-05
9.39997e-05
9.39997e-05
9.39997e-05
0.000162801
9.39997e-05
9.39997e-05
9.39997e-05
9.39997e-05
9.39997e-05
9.39997e-05
9.39997e-05
9.39997e-05
9.39997e-05
9.39997e-05
9.39997e-05
9.39997e-05
9.39997e-05
9.39997e-05
9.39997e-05
9.39997e-05
9.39997e-05
9.39997e-05
9.39997e-05
9.39997e-05
9.39997e-05
9.39997e-05
9.39997e-05
9.39997e-05
9.39997e-05
0.000282274
9.39997e-05
9.39997e-05
9.39997e-05
9.39997e-05
9.39997e-05
0.000927112
0.000104968
9.39997e-05
0.0039056
9.39997e-05
0.000106927
9.39997e-05
0.000126905
9.39997e-05
9.39997e-05
9.39997e-05
9.39997e-05
9.39997e-05
9.39997e-05
9.39997e-05
0.000402992
0.000402992
0.00025167
9.39997e-05
9.39997e-05
9.39997e-05
0.000107973
9.39997e-05
9.39997e-05
9.39997e-05
9.39997e-05
9.39997e-05
0.000214652
9.39997e-05
9.39997e-05
9.39997e-05
9.39997e-05
9.39997e-05
9.39997e-05
9.39997e-05
0.000291613
0.000127088
0.000127088
0.000127088
0.000127088
0.00122512
0.000127088
0.000945059
0.000127088
0.000127088
0.000149024
0.000127088
0.000127088
0.000127088
0.000127088
0.000127088
0.000127088
0.000127088
0.000945059
0.000127088
0.000127088
0.000961603
0.000127088
0.000127088
0.000127088
0.000127088
0.000127088
0.000127088
0.000127088
0.000127088
0.000127088
0.000127088
0.000127088
0.000127088
0.000127088
0.000127088
0.000127088
0.000961603
0.000127088
0.000961603
9.39997e-05
9.39997e-05
9.39997e-05
9.39997e-05
9.39997e-05
9.39997e-05
9.39997e-05
9.39997e-05
9.39997e-05
9.39997e-05
9.39997e-05
9.39997e-05
9.39997e-05
9.39997e-05
9.39997e-05
9.39997e-05
9.39997e-05
9.39997e-05
9.39997e-05
9.39997e-05
9.39997e-05
9.39997e-05
9.39997e-05
9.39997e-05
9.39997e-05
9.39997e-05
9.39997e-05
9.39997e-05
9.39997e-05
9.39997e-05
9.39997e-05
9.39997e-05
9.39997e-05
0.00150679
0.000117414
0.000117414
0.000117414
0.000117414
0.000117414
0.000161655
0.000117414
0.000117414
0.000117414
0.000161655
0.000117414
0.000117414
0.000117414
0.000277522
0.000277522
0.000277522
9.39997e-05
9.39997e-05
9.39997e-05
9.39997e-05
9.39997e-05
9.39997e-05
9.39997e-05
9.39997e-05
9.39997e-05
9.39997e-05
9.39997e-05
9.39997e-05
9.39997e-05
9.39997e-05
9.39997e-05
9.39997e-05
9.39997e-05
9.39997e-05
9.39997e-05
9.39997e-05
9.39997e-05
9.39997e-05
9.39997e-05
9.39997e-05
9.39997e-05
0.000154173
9.39997e-05
0.000154173
0.000154173
9.39997e-05
0.000154173
9.39997e-05
0.000154173
9.39997e-05
0.000154173
9.39997e-05
0.000154173
9.39997e-05
0.000154173
9.39997e-05
0.000154173
9.39997e-05
0.000154173
9.39997e-05
0.000154173
0.000154173
9.39997e-05
0.000154173
9.39997e-05
0.000154173
0.000154173
9.39997e-05
0.000154173
0.000154173
9.39997e-05
0.000154173
9.39997e-05
0.000154173
9.39997e-05
0.000154173
9.39997e-05
0.000154173
0.000154173
9.39997e-05
0.000154173
9.39997e-05
0.000154173
9.39997e-05
0.000154173
0.000154173
9.39997e-05
0.000154173
0.000154173
9.39997e-05
0.000154173
9.39997e-05
0.000154173
0.000154173
9.39997e-05
0.000154173
9.39997e-05
0.000154173
0.000154173
0.000154173
9.39997e-05
0.000154173
9.39997e-05
0.000154173
9.39997e-05
0.000154173
9.39997e-05
0.000154173
0.000154173
0.000154173
0.000154173
0.000187078
0.000154173
0.000154173
0.000154173
0.000154173
0.000154173
0.000154173
0.000154173
0.000154173
0.000154173
0.000154173
0.000546307
0.000571435
0.000558871
0.000571435
0.000571435
0.00262205
0.00262205
0.00013361
0.000571435
0.000571435
0.000571435
0.000353876
9.81129e-05
9.39997e-05
9.39997e-05
0.000109081
9.39997e-05
9.39997e-05
9.39997e-05
9.39997e-05
9.39997e-05
9.39997e-05
9.39997e-05
9.39997e-05
9.39997e-05
9.39997e-05
9.39997e-05
9.39997e-05
9.39997e-05
9.39997e-05
9.39997e-05
9.39997e-05
0.000115936
0.000115936
0.000731568
9.39997e-05
9.39997e-05
9.39997e-05
9.69911e-05
0.00032966
0.00032966
0.00032966
0.000365118
0.00033248
0.00032966
0.00280724
0.000314304
0.000314304
0.000323079
0.000109355
0.000102774
0.000102774
0.000109355
0.000109355
0.000102774
0.000109355
9.39997e-05
9.39997e-05
9.39997e-05
9.39997e-05
9.39997e-05
9.39997e-05
9.39997e-05
9.39997e-05
9.39997e-05
9.39997e-05
9.39997e-05
9.39997e-05
9.39997e-05
9.39997e-05
9.39997e-05
9.39997e-05
9.39997e-05
9.39997e-05
9.39997e-05
9.39997e-05
9.39997e-05
0.00132653
9.39997e-05
9.39997e-05
9.39997e-05
9.39997e-05
9.39997e-05
9.39997e-05
9.39997e-05
9.39997e-05
9.39997e-05
9.39997e-05
9.39997e-05
9.39997e-05
9.39997e-05
9.39997e-05
9.39997e-05
9.39997e-05
9.39997e-05
9.39997e-05
9.39997e-05
9.39997e-05
9.39997e-05
9.39997e-05
9.39997e-05
9.39997e-05
9.39997e-05
9.39997e-05
9.39997e-05
9.39997e-05
9.39997e-05
9.39997e-05
9.39997e-05
9.39997e-05
9.39997e-05
9.39997e-05
9.39997e-05
9.39997e-05
9.39997e-05
9.39997e-05
9.39997e-05
0.000275825
9.39997e-05
9.39997e-05
9.39997e-05
9.39997e-05
9.39997e-05
9.39997e-05
0.000140305
9.39997e-05
9.39997e-05
0.000127143
0.000127143
0.000127143
0.000234993
9.39997e-05
9.39997e-05
9.39997e-05
9.39997e-05
9.39997e-05
9.39997e-05
9.39997e-05
9.39997e-05
9.39997e-05
9.39997e-05
0.000234993
9.39997e-05
9.39997e-05
9.39997e-05
9.39997e-05
0.000812648
9.39997e-05
9.39997e-05
0.000830452
0.00078467
9.39997e-05
0.000707263
0.000812648
0.000248155
0.00163811
0.000217189
9.39997e-05
9.39997e-05
0.000830452
9.39997e-05
0.000830452
9.39997e-05
9.39997e-05
9.39997e-05
9.39997e-05
9.39997e-05
9.39997e-05
9.39997e-05
9.39997e-05
9.39997e-05
0.000100581
9.39997e-05
9.39997e-05
9.39997e-05
9.39997e-05
0.000126905
9.39997e-05
9.39997e-05
9.39997e-05
9.39997e-05
9.39997e-05
9.39997e-05
9.39997e-05
9.39997e-05
9.39997e-05
9.39997e-05
9.39997e-05
9.39997e-05
9.39997e-05
9.39997e-05
9.39997e-05
9.39997e-05
9.39997e-05
9.39997e-05
9.39997e-05
9.39997e-05
9.39997e-05
9.39997e-05
9.39997e-05
9.39997e-05
9.39997e-05
9.39997e-05
9.39997e-05
9.39997e-05
9.39997e-05
9.39997e-05
9.39997e-05
9.39997e-05
9.39997e-05
9.39997e-05
9.39997e-05
9.39997e-05
9.39997e-05
9.39997e-05
9.39997e-05
9.39997e-05
9.39997e-05
9.39997e-05
9.39997e-05
9.39997e-05
9.39997e-05
9.39997e-05
9.39997e-05
9.39997e-05
9.39997e-05
9.39997e-05
9.39997e-05
9.39997e-05
9.39997e-05
9.39997e-05
9.39997e-05
9.39997e-05
9.39997e-05
9.39997e-05
9.39997e-05
9.39997e-05
9.39997e-05
9.39997e-05
9.39997e-05
9.39997e-05
9.39997e-05
9.39997e-05
9.39997e-05
9.39997e-05
9.39997e-05
9.39997e-05
9.39997e-05
9.39997e-05
9.39997e-05
9.39997e-05
9.39997e-05
9.39997e-05
9.94839e-05
9.39997e-05
9.39997e-05
9.39997e-05
9.94839e-05
9.39997e-05
9.39997e-05
9.94839e-05
9.39997e-05
9.39997e-05
9.39997e-05
9.39997e-05
9.94839e-05
9.39997e-05
0.0072487
9.94839e-05
9.94839e-05
9.94839e-05
9.39997e-05
9.39997e-05
9.39997e-05
9.39997e-05
9.39997e-05
9.39997e-05
9.94839e-05
9.94839e-05
9.94839e-05
9.94839e-05
9.39997e-05
9.39997e-05
0.000209072
0.0031723
0.000478523
0.000110452
9.39997e-05
9.39997e-05
0.000233093
0.000287497
0.00084474
0.000874442
9.39997e-05
9.39997e-05
9.39997e-05
0.000116435
9.39997e-05
9.39997e-05
9.39997e-05
9.39997e-05
9.39997e-05
9.39997e-05
9.39997e-05
9.39997e-05
9.39997e-05
9.39997e-05
9.39997e-05
9.39997e-05
9.39997e-05
9.39997e-05
9.39997e-05
0.000200164
0.000200164
0.000200164
0.000200164
9.39997e-05
9.39997e-05
9.39997e-05
9.39997e-05
9.39997e-05
9.39997e-05
9.39997e-05
9.39997e-05
9.39997e-05
9.39997e-05
9.39997e-05
9.39997e-05
9.39997e-05
9.39997e-05
9.39997e-05
9.39997e-05
9.39997e-05
9.39997e-05
9.39997e-05
9.39997e-05
9.39997e-05
9.39997e-05
9.39997e-05
9.39997e-05
9.39997e-05
9.39997e-05
0.000761712
0.00100122
0.000914794
0.000162446
0.000162446
0.000162446
0.000162446
0.000658372
0.000589926
0.000162446
0.000110159
0.000162446
0.000589926
0.00121229
0.000162446
0.000162446
0.000589926
0.000133527
0.000133527
0.000110159
0.000162446
0.000162446
0.000162446
0.000162446
0.000162446
0.000162446
9.39997e-05
9.39997e-05
0.000803658
9.39997e-05
9.39997e-05
9.39997e-05
9.39997e-05
0.000583779
0.000119681
0.000132591
0.000128242
0.000131481
0.000119681
9.39997e-05
9.39997e-05
9.39997e-05
9.39997e-05
9.39997e-05
9.39997e-05
9.39997e-05
9.39997e-05
9.39997e-05
9.39997e-05
9.39997e-05
9.39997e-05
9.39997e-05
9.39997e-05
9.39997e-05
9.39997e-05
9.39997e-05
9.39997e-05
9.39997e-05
9.39997e-05
9.39997e-05
9.39997e-05
9.39997e-05
9.39997e-05
0.000158934
0.000158934
0.000158934
0.000200238
0.000110787
0.000167742
9.8926e-05
9.8926e-05
9.8926e-05
9.8926e-05
9.77073e-05
9.49012e-05
9.49012e-05
9.49012e-05
9.49012e-05
0.000158934
0.000149594
0.000107362
0.000107362
0.000107362
0.000107362
0.000107362
0.000107362
0.000107362
0.000107362
0.000107362
0.000107362
0.000107362
0.000107362
0.000107362
0.000107362
0.000107362
0.000107362
0.000107362
0.000149462
0.000149462
0.000149462
0.000149462
0.000149462
0.000155444
0.000155444
0.000155444
0.000149462
0.000155444
0.000149462
0.000155444
0.000147966
0.000149462
0.000147966
0.000149462
0.000149462
0.000149462
0.000149462
0.000149462
0.000149462
0.000149462
0.000149462
0.000149462
0.000149462
0.000149462
0.000215272
0.000149462
0.000149462
0.000149462
0.000149462
0.000149462
0.000149462
0.000149462
0.000149462
0.000149462
0.000149462
0.000149462
0.000149462
0.000149462
0.000149462
0.000149462
9.39997e-05
9.39997e-05
9.39997e-05
9.39997e-05
9.39997e-05
9.39997e-05
9.39997e-05
9.39997e-05
9.39997e-05
0.00031219
9.39997e-05
9.39997e-05
9.39997e-05
9.39997e-05
9.39997e-05
9.39997e-05
9.39997e-05
9.39997e-05
9.39997e-05
0.000116212
0.000114394
0.000114394
9.39997e-05
0.000247827
9.39997e-05
0.000114394
0.000289741
0.000116212
0.000126905
0.000126905
9.39997e-05
9.39997e-05
9.39997e-05
9.39997e-05
9.39997e-05
9.39997e-05
9.39997e-05
9.39997e-05
9.39997e-05
9.39997e-05
0.000949531
9.39997e-05
9.39997e-05
9.39997e-05
9.39997e-05
0.00274589
9.39997e-05
9.39997e-05
9.39997e-05
9.39997e-05
9.39997e-05
9.39997e-05
9.39997e-05
9.39997e-05
9.39997e-05
9.39997e-05
9.39997e-05
0.000166128
9.39997e-05
9.39997e-05
9.39997e-05
9.39997e-05
9.39997e-05
9.39997e-05
9.39997e-05
9.39997e-05
9.39997e-05
9.39997e-05
9.39997e-05
9.39997e-05
9.39997e-05
9.39997e-05
9.39997e-05
9.39997e-05
9.39997e-05
9.39997e-05
9.39997e-05
9.39997e-05
9.39997e-05
9.39997e-05
9.39997e-05
9.39997e-05
9.39997e-05
9.39997e-05
9.39997e-05
9.39997e-05
9.39997e-05
0.000166128
0.00015981
9.39997e-05
9.39997e-05
9.39997e-05
9.39997e-05
9.39997e-05
9.66321e-05
9.39997e-05
9.39997e-05
9.39997e-05
9.39997e-05
0.000192715
9.39997e-05
9.39997e-05
0.000100683
0.000100683
0.000100683
0.000100683
0.000100683
0.000100683
0.000100683
0.000100683
0.000100683
0.000100683
0.000100683
0.000100683
0.000100683
0.000100683
0.000100683
0.000100683
0.000100683
0.000100683
0.000100683
0.000100683
0.000100683
0.000100683
0.000100683
0.000100683
0.000100683
0.000100683
0.000100683
0.000100683
0.000100683
0.000100683
0.000100683
0.000100683
0.000100683
0.000100683
0.000100683
0.000100683
0.000100683
0.000100683
0.000100683
0.000100683
0.000100683
0.000100683
0.000100683
0.000100683
0.000100683
0.000100683
0.000100683
0.000100683
0.000100683
0.000100683
0.000100683
0.000100683
0.000100683
0.000100683
0.000100683
0.000100683
0.000100683
0.000100683
0.000100683
0.000100683
0.000100683
0.000100683
0.000100683
0.000100683
0.000100683
0.000100683
0.000100683
0.000100683
0.000100683
0.000100683
0.000100683
0.000100683
0.000100683
0.000100683
0.000100683
0.000100683
0.000100683
0.000100683
0.000100683
0.000100683
0.000100683
0.000100683
0.000100683
0.000100683
0.000100683
0.000100683
0.000100683
0.000100683
0.000100683
0.000100683
0.000100683
0.000100683
0.000100683
0.000100683
0.000100683
0.000100683
0.000100683
0.000100683
0.000100683
0.000100683
0.000100683
0.000100683
0.000100683
0.000100683
0.000100683
0.000100683
0.000100683
0.000100683
0.000100683
0.000100683
0.000100683
0.000100683
0.000100683
0.000100683
0.000100683
0.000100683
0.000100683
0.000100683
0.000100683
0.000100683
0.000100683
0.000100683
0.000100683
0.000100683
0.000100683
0.000100683
0.000100683
0.000100683
0.000100683
0.000100683
0.000100683
0.000100683
0.000100683
0.000100683
0.000100683
0.000100683
0.000100683
0.000100683
0.000100683
0.000100683
0.000100683
0.000100683
0.000100683
0.000100683
0.000100683
0.000100683
0.000100683
0.000100683
0.000100683
0.000100683
0.000100683
0.000100683
0.000100683
0.000100683
0.000100683
0.000100683
0.000100683
0.000100683
0.000100683
0.000100683
0.000100683
0.000100683
0.000100683
0.000100683
0.000100683
0.000100683
0.000100683
0.000100683
0.000100683
0.000100683
0.000100683
0.000100683
0.000100683
0.000100683
0.000100683
0.000100683
0.000100683
0.000100683
0.000100683
0.00035724
9.39997e-05
9.39997e-05
9.39997e-05
9.39997e-05
9.39997e-05
9.39997e-05
9.83871e-05
9.39997e-05
9.39997e-05
9.39997e-05
9.39997e-05
9.39997e-05
9.39997e-05
9.39997e-05
9.39997e-05
9.39997e-05
9.39997e-05
9.39997e-05
9.39997e-05
9.39997e-05
9.39997e-05
9.39997e-05
9.39997e-05
9.39997e-05
9.39997e-05
9.39997e-05
9.39997e-05
9.39997e-05
9.39997e-05
9.39997e-05
9.39997e-05
9.39997e-05
9.39997e-05
0.000252548
0.000116241
0.00015463
0.000168036
0.000658472
9.83871e-05
9.39997e-05
9.39997e-05
9.39997e-05
9.39997e-05
9.39997e-05
9.39997e-05
9.39997e-05
9.39997e-05
9.39997e-05
9.39997e-05
9.39997e-05
9.39997e-05
9.39997e-05
9.39997e-05
9.39997e-05
9.39997e-05
9.39997e-05
9.39997e-05
9.39997e-05
0.00022562
9.39997e-05
9.39997e-05
0.000135436
9.39997e-05
9.39997e-05
9.39997e-05
9.39997e-05
0.000115388
0.000152822
9.39997e-05
0.00121277
0.00019233
0.00019233
0.00019233
0.000669733
0.000234219
0.00019233
0.00019233
0.00019233
0.00019233
0.00019233
0.00019233
0.000198313
9.39997e-05
9.39997e-05
9.39997e-05
9.39997e-05
9.39997e-05
9.39997e-05
9.39997e-05
9.39997e-05
9.39997e-05
9.39997e-05
9.39997e-05
9.39997e-05
9.39997e-05
9.39997e-05
9.39997e-05
9.39997e-05
9.39997e-05
9.39997e-05
9.39997e-05
9.39997e-05
9.39997e-05
9.39997e-05
9.39997e-05
9.39997e-05
9.6393e-05
0.000597763
0.000118939
9.6393e-05
0.000326368
0.000898828
0.000106099
9.92544e-05
0.0011192
0.000193004
0.000403807
0.000442998
0.000302958
0.000122241
0.000131229
0.000132223
0.00061736
0.000275034
0.000122395
0.000222887
0.000111976
0.00087233
9.6393e-05
0.000215444
0.000724371
0.000155361
0.000264324
0.000227354
0.000558328
0.00112774
0.000116351
0.000107619
0.000513859
0.000102376
0.00404491
9.78237e-05
0.000105972
0.000179186
0.000169262
0.00016978
0.00101717
0.000577803
0.000541056
0.000277624
9.6393e-05
0.000425293
0.000256144
0.000157191
0.000510602
0.000152002
0.00374576
0.000255446
0.00010892
9.6393e-05
0.000323344
0.000626694
0.00420271
0.000507386
0.000100264
0.000394271
0.000243578
9.6393e-05
0.000266536
0.00014246
0.000139109
9.66977e-05
0.000714758
9.6393e-05
9.6393e-05
0.000616171
0.000124775
0.000144436
0.000413741
9.39997e-05
9.39997e-05
9.39997e-05
9.39997e-05
9.39997e-05
9.39997e-05
9.39997e-05
9.39997e-05
9.39997e-05
9.39997e-05
9.39997e-05
9.39997e-05
9.39997e-05
9.39997e-05
9.39997e-05
9.39997e-05
9.39997e-05
9.39997e-05
9.39997e-05
9.39997e-05
9.39997e-05
9.39997e-05
9.39997e-05
9.39997e-05
0.000140411
0.000140411
0.000147338
0.000140411
0.000754943
0.000153573
0.000147338
0.000140411
0.000788192
0.000697286
0.000140411
9.39997e-05
9.39997e-05
9.39997e-05
9.63501e-05
9.63501e-05
0.000121558
0.000103277
0.000103277
0.000103277
0.000114246
0.000114246
0.000114246
0.000114246
9.39997e-05
0.00063559
0.000116439
0.000103277
0.000550019
0.000147338
9.39997e-05
0.000527455
0.000103277
0.000103277
9.39997e-05
9.39997e-05
9.39997e-05
9.39997e-05
9.39997e-05
9.39997e-05
9.39997e-05
9.39997e-05
9.39997e-05
0.00171063
0.00232726
9.39997e-05
9.39997e-05
9.39997e-05
9.39997e-05
9.39997e-05
9.39997e-05
9.39997e-05
9.39997e-05
9.39997e-05
9.39997e-05
0.000104968
9.39997e-05
9.39997e-05
9.39997e-05
9.39997e-05
9.39997e-05
9.6269e-05
9.39997e-05
9.39997e-05
9.39997e-05
9.39997e-05
9.39997e-05
9.39997e-05
9.39997e-05
9.39997e-05
9.39997e-05
9.39997e-05
0.00014444
0.00154125
0.000216126
0.000216126
0.000175018
0.000216126
0.000175018
0.000175018
0.000216126
9.87005e-05
0.000216126
0.000216126
0.000175018
9.39997e-05
0.000646161
0.000120376
9.39997e-05
9.39997e-05
9.39997e-05
9.39997e-05
9.39997e-05
0.000479041
9.39997e-05
0.000375712
0.00013183
9.39997e-05
9.39997e-05
0.000412895
9.39997e-05
9.39997e-05
9.39997e-05
0.000196095
0.000118854
0.000118854
0.000118854
0.00154391
0.000250184
0.000164107
0.000164107
0.000105692
0.000105692
0.000164107
0.000105692
0.000152309
0.000105692
0.000250301
0.000118854
0.000105692
0.000105692
0.000105692
9.99689e-05
0.000105692
0.000105692
9.39997e-05
9.39997e-05
0.000193461
9.39997e-05
0.000193461
0.000193461
9.6861e-05
9.6861e-05
9.6861e-05
9.6861e-05
9.6861e-05
9.6861e-05
9.6861e-05
9.6861e-05
9.6861e-05
9.6861e-05
9.6861e-05
9.6861e-05
9.6861e-05
9.6861e-05
9.6861e-05
9.6861e-05
9.6861e-05
0.0001906
0.0001906
0.000115936
0.000115936
0.000115936
0.000115936
0.000115936
9.39997e-05
9.39997e-05
0.000256384
0.000110217
0.000110217
0.000155135
0.000101991
0.000109303
0.000115884
0.000142208
9.72902e-05
0.000110217
9.72902e-05
0.000101991
0.000101991
0.000108572
9.87005e-05
9.39997e-05
9.39997e-05
9.39997e-05
9.39997e-05
9.39997e-05
9.39997e-05
9.39997e-05
9.39997e-05
0.000101991
9.39997e-05
9.39997e-05
9.39997e-05
9.39997e-05
9.39997e-05
9.39997e-05
9.39997e-05
9.39997e-05
9.39997e-05
9.39997e-05
9.39997e-05
0.000118263
9.39997e-05
9.39997e-05
9.39997e-05
9.39997e-05
9.39997e-05
9.39997e-05
0.000670972
0.00103093
0.000670972
0.00109929
0.000314234
0.000151172
0.000151172
0.000151172
0.000671692
0.000694346
0.000671692
0.000314234
0.000694346
0.000314234
0.000268951
0.000151172
0.000105889
0.000105889
0.000105889
0.000105889
0.000420594
0.000105889
0.000105889
0.000105889
0.000105889
0.000105889
0.000105889
0.000418244
0.000314234
0.000148821
0.000408705
0.000420594
0.000408705
0.000621466
0.000494493
0.000420594
0.000420594
9.39997e-05
9.39997e-05
9.39997e-05
9.39997e-05
9.39997e-05
9.39997e-05
0.000139283
9.39997e-05
9.39997e-05
9.39997e-05
9.39997e-05
9.39997e-05
9.39997e-05
9.39997e-05
9.39997e-05
9.39997e-05
9.39997e-05
9.39997e-05
9.39997e-05
9.39997e-05
9.39997e-05
9.39997e-05
9.39997e-05
9.39997e-05
9.39997e-05
9.39997e-05
9.39997e-05
9.39997e-05
9.39997e-05
9.39997e-05
9.39997e-05
9.39997e-05
9.39997e-05
9.39997e-05
9.39997e-05
9.39997e-05
9.39997e-05
9.39997e-05
9.39997e-05
9.39997e-05
9.39997e-05
9.39997e-05
9.39997e-05
0.000214652
9.39997e-05
9.39997e-05
9.39997e-05
9.39997e-05
9.39997e-05
9.39997e-05
9.39997e-05
9.39997e-05
9.39997e-05
9.39997e-05
9.39997e-05
9.39997e-05
9.39997e-05
9.39997e-05
0.000110452
9.39997e-05
9.39997e-05
9.39997e-05
9.39997e-05
9.39997e-05
9.39997e-05
9.39997e-05
9.39997e-05
9.39997e-05
9.39997e-05
0.000105463
0.000105463
0.000171273
0.000105463
0.000105463
0.000105463
0.000105463
0.000105463
0.000105463
0.000105463
0.000105463
0.000105463
0.000105463
0.000105463
0.000105463
0.000105463
0.000127399
0.000105463
0.000105463
0.000105463
0.000105463
0.000105463
0.000105463
0.000105463
0.000105463
0.000105463
0.000105463
0.000105463
0.000105463
0.000105463
0.000105463
0.000105463
0.000105463
0.000105463
0.000105463
0.000105463
0.000105463
0.000105463
0.000105463
0.000105463
0.000105463
0.000105463
0.000105463
0.000105463
0.000105463
0.000105463
0.000105463
0.000105463
0.000105463
0.000105463
0.000105463
0.000105463
0.000105463
0.000105463
9.39997e-05
9.39997e-05
9.39997e-05
9.39997e-05
0.000144631
9.39997e-05
9.39997e-05
9.39997e-05
9.39997e-05
9.39997e-05
0.000144631
9.39997e-05
9.39997e-05
9.39997e-05
9.39997e-05
9.39997e-05
9.39997e-05
9.39997e-05
9.39997e-05
9.39997e-05
9.39997e-05
9.39997e-05
9.39997e-05
9.39997e-05
9.39997e-05
9.39997e-05
9.39997e-05
9.39997e-05
9.39997e-05
9.39997e-05
9.99825e-05
9.39997e-05
9.39997e-05
9.39997e-05
9.39997e-05
9.39997e-05
9.39997e-05
9.39997e-05
9.39997e-05
9.39997e-05
9.39997e-05
9.39997e-05
9.39997e-05
9.39997e-05
9.39997e-05
9.39997e-05
9.39997e-05
9.39997e-05
9.39997e-05
9.39997e-05
9.39997e-05
9.39997e-05
9.39997e-05
9.39997e-05
9.39997e-05
0.000301438
9.39997e-05
9.39997e-05
0.000177518
9.39997e-05
9.39997e-05
0.000961508
9.39997e-05
9.39997e-05
9.39997e-05
9.39997e-05
9.39997e-05
9.39997e-05
9.39997e-05
9.39997e-05
9.39997e-05
9.39997e-05
9.39997e-05
9.39997e-05
9.39997e-05
9.39997e-05
9.39997e-05
9.39997e-05
9.39997e-05
9.39997e-05
9.39997e-05
9.39997e-05
9.39997e-05
0.000100581
9.39997e-05
9.39997e-05
9.39997e-05
9.39997e-05
9.39997e-05
9.39997e-05
9.39997e-05
9.39997e-05
9.39997e-05
9.39997e-05
9.39997e-05
9.39997e-05
9.39997e-05
9.39997e-05
9.39997e-05
9.39997e-05
9.39997e-05
9.39997e-05
9.39997e-05
9.39997e-05
9.39997e-05
9.39997e-05
9.39997e-05
9.39997e-05
9.39997e-05
9.39997e-05
9.39997e-05
9.39997e-05
9.39997e-05
0.000173411
9.39997e-05
9.39997e-05
9.39997e-05
9.39997e-05
9.43044e-05
9.39997e-05
9.39997e-05
9.39997e-05
9.39997e-05
9.39997e-05
9.39997e-05
9.39997e-05
9.39997e-05
9.39997e-05
9.39997e-05
9.39997e-05
9.39997e-05
9.39997e-05
9.39997e-05
0.000132389
9.39997e-05
9.39997e-05
9.39997e-05
9.39997e-05
9.39997e-05
9.39997e-05
9.39997e-05
9.39997e-05
9.39997e-05
9.39997e-05
9.39997e-05
9.39997e-05
9.39997e-05
9.39997e-05
9.39997e-05
9.39997e-05
9.39997e-05
9.39997e-05
9.39997e-05
9.39997e-05
9.39997e-05
9.39997e-05
0.00152148
0.000203908
0.000214876
0.000822824
9.39997e-05
0.000121596
0.000131467
0.000100581
0.000121596
0.000128177
0.000121596
0.000221457
0.000213006
0.000221457
9.39997e-05
9.39997e-05
9.39997e-05
9.39997e-05
9.39997e-05
9.39997e-05
9.39997e-05
0.000126905
9.43044e-05
9.39997e-05
9.39997e-05
9.39997e-05
9.39997e-05
9.39997e-05
9.39997e-05
9.39997e-05
9.39997e-05
9.39997e-05
9.39997e-05
9.39997e-05
9.39997e-05
9.39997e-05
9.39997e-05
9.39997e-05
9.39997e-05
9.39997e-05
0.000206297
9.39997e-05
0.000104968
9.39997e-05
9.39997e-05
9.39997e-05
9.39997e-05
9.39997e-05
9.39997e-05
9.39997e-05
9.39997e-05
9.39997e-05
9.39997e-05
9.39997e-05
9.39997e-05
9.39997e-05
9.39997e-05
9.39997e-05
9.39997e-05
9.39997e-05
9.39997e-05
0.00015981
0.00015981
0.00015981
9.39997e-05
9.39997e-05
9.39997e-05
9.39997e-05
9.39997e-05
9.39997e-05
9.39997e-05
9.39997e-05
9.39997e-05
9.39997e-05
0.000284754
0.00037277
0.000533011
9.39997e-05
9.39997e-05
9.39997e-05
9.39997e-05
0.000466198
9.39997e-05
9.39997e-05
0.000104968
9.39997e-05
9.39997e-05
0.00172549
0.000101312
0.00115505
0.00115505
0.00115505
0.000745241
0.000325294
0.000305593
0.000134217
9.39997e-05
9.39997e-05
0.000126905
9.39997e-05
9.39997e-05
0.000107162
9.39997e-05
0.000444564
9.39997e-05
9.39997e-05
9.39997e-05
9.39997e-05
9.39997e-05
9.39997e-05
9.39997e-05
9.39997e-05
9.39997e-05
9.39997e-05
9.39997e-05
9.39997e-05
9.39997e-05
9.39997e-05
9.39997e-05
9.39997e-05
9.39997e-05
9.39997e-05
9.39997e-05
9.39997e-05
0.000359471
9.77515e-05
9.77515e-05
9.77515e-05
9.77515e-05
9.77515e-05
9.77515e-05
9.77515e-05
9.77515e-05
9.77515e-05
9.77515e-05
9.77515e-05
9.77515e-05
9.77515e-05
9.77515e-05
9.77515e-05
9.77515e-05
9.77515e-05
9.77515e-05
9.77515e-05
9.77515e-05
9.77515e-05
9.77515e-05
9.77515e-05
9.77515e-05
9.77515e-05
9.77515e-05
9.77515e-05
9.77515e-05
9.77515e-05
9.77515e-05
9.77515e-05
9.77515e-05
9.77515e-05
9.77515e-05
9.77515e-05
9.77515e-05
9.77515e-05
9.77515e-05
9.77515e-05
9.77515e-05
9.77515e-05
9.77515e-05
9.77515e-05
9.77515e-05
9.77515e-05
9.77515e-05
9.77515e-05
9.77515e-05
9.77515e-05
9.77515e-05
9.77515e-05
9.77515e-05
9.39997e-05
9.81129e-05
0.000128345
9.39997e-05
0.000258632
9.39997e-05
0.000192822
9.39997e-05
9.39997e-05
9.5994e-05
9.39997e-05
9.39997e-05
9.39997e-05
9.39997e-05
9.39997e-05
9.39997e-05
9.39997e-05
9.39997e-05
9.39997e-05
9.39997e-05
9.39997e-05
0.00099691
9.39997e-05
9.39997e-05
9.39997e-05
9.39997e-05
9.39997e-05
9.39997e-05
9.39997e-05
9.39997e-05
9.39997e-05
9.39997e-05
9.39997e-05
9.39997e-05
9.39997e-05
9.39997e-05
9.39997e-05
9.39997e-05
9.39997e-05
9.39997e-05
9.39997e-05
9.39997e-05
9.39997e-05
9.39997e-05
9.39997e-05
9.39997e-05
9.39997e-05
9.39997e-05
9.39997e-05
9.39997e-05
9.39997e-05
0.000162016
0.000150541
0.000583564
0.000776445
0.000107175
0.000165548
0.000107175
0.000178723
0.00020066
0.000150541
0.000115936
9.39997e-05
9.39997e-05
9.39997e-05
9.39997e-05
9.39997e-05
9.39997e-05
9.39997e-05
9.39997e-05
9.39997e-05
9.39997e-05
9.39997e-05
9.39997e-05
9.58278e-05
9.39997e-05
9.39997e-05
9.39997e-05
9.39997e-05
9.39997e-05
9.39997e-05
9.39997e-05
9.39997e-05
9.39997e-05
9.39997e-05
9.39997e-05
9.39997e-05
9.39997e-05
9.39997e-05
9.39997e-05
9.39997e-05
9.39997e-05
9.39997e-05
9.39997e-05
9.39997e-05
9.39997e-05
9.39997e-05
9.39997e-05
9.39997e-05
9.39997e-05
9.39997e-05
9.39997e-05
9.39997e-05
9.39997e-05
9.39997e-05
9.39997e-05
0.000103401
9.39997e-05
9.39997e-05
9.39997e-05
9.39997e-05
9.39997e-05
9.39997e-05
9.39997e-05
9.39997e-05
9.39997e-05
9.39997e-05
9.39997e-05
9.39997e-05
9.39997e-05
9.39997e-05
0.000103279
0.000103279
0.000103279
0.000103279
0.000121355
0.000103279
0.000121355
0.000103279
0.000103279
0.000103279
0.00011774
0.000103279
0.000103279
0.000103279
0.000103279
0.000107772
0.000103279
0.000103279
0.000103279
0.000103279
0.000103279
0.000148009
0.00016247
0.000373451
0.000319442
0.000148009
9.39997e-05
9.39997e-05
9.39997e-05
9.39997e-05
0.000179375
0.000208519
9.39997e-05
0.000100619
9.39997e-05
0.000238528
9.39997e-05
9.39997e-05
9.39997e-05
9.39997e-05
9.39997e-05
9.39997e-05
0.000104968
9.39997e-05
9.39997e-05
9.39997e-05
9.39997e-05
9.39997e-05
9.39997e-05
9.39997e-05
0.000103655
0.00069971
0.000100452
9.99825e-05
9.39997e-05
9.39997e-05
9.39997e-05
9.39997e-05
9.39997e-05
9.39997e-05
9.39997e-05
9.39997e-05
9.39997e-05
9.39997e-05
9.39997e-05
9.39997e-05
9.39997e-05
9.39997e-05
9.39997e-05
9.39997e-05
9.39997e-05
9.39997e-05
9.39997e-05
9.39997e-05
9.39997e-05
9.39997e-05
9.39997e-05
9.39997e-05
9.39997e-05
9.39997e-05
9.39997e-05
9.39997e-05
9.39997e-05
9.39997e-05
9.39997e-05
9.39997e-05
9.39997e-05
9.39997e-05
9.39997e-05
9.39997e-05
9.39997e-05
9.39997e-05
9.39997e-05
9.39997e-05
9.39997e-05
9.39997e-05
9.39997e-05
9.39997e-05
9.39997e-05
9.39997e-05
9.39997e-05
9.39997e-05
9.39997e-05
9.39997e-05
9.39997e-05
9.39997e-05
9.39997e-05
9.39997e-05
9.39997e-05
9.39997e-05
9.39997e-05
9.39997e-05
9.39997e-05
9.39997e-05
9.39997e-05
9.39997e-05
0.000113354
0.000105128
0.000105128
0.000105128
0.000122885
0.000419242
0.000113295
0.000122885
9.39997e-05
0.00020175
0.00067698
0.000130198
0.000122885
0.000151563
0.000190278
0.000249095
0.000122885
0.000137224
0.000122885
0.000122885
0.000122885
0.000122885
0.000122885
0.000122885
0.000140092
0.000122885
0.000141337
9.39997e-05
9.39997e-05
9.39997e-05
9.53708e-05
9.39997e-05
9.39997e-05
9.39997e-05
9.39997e-05
9.39997e-05
9.39997e-05
9.39997e-05
9.39997e-05
9.39997e-05
9.39997e-05
9.39997e-05
0.000208535
0.000313367
0.000459364
9.39997e-05
9.39997e-05
9.39997e-05
9.39997e-05
9.39997e-05
9.39997e-05
9.39997e-05
9.39997e-05
9.39997e-05
9.39997e-05
9.39997e-05
9.39997e-05
0.0013163
9.39997e-05
9.39997e-05
9.39997e-05
9.39997e-05
9.39997e-05
9.39997e-05
9.39997e-05
9.39997e-05
9.39997e-05
9.39997e-05
9.39997e-05
9.39997e-05
9.39997e-05
9.39997e-05
9.39997e-05
0.000452222
0.000452222
0.000452222
0.000452222
0.000452222
0.000452222
0.000452222
0.000101294
0.000101294
0.000101294
0.000205232
9.39997e-05
0.000311155
0.00105357
9.39997e-05
9.39997e-05
9.39997e-05
9.39997e-05
9.39997e-05
9.39997e-05
9.39997e-05
9.39997e-05
9.39997e-05
9.39997e-05
9.39997e-05
9.39997e-05
9.39997e-05
9.39997e-05
9.39997e-05
9.39997e-05
9.39997e-05
9.39997e-05
9.39997e-05
9.39997e-05
9.39997e-05
9.39997e-05
9.39997e-05
9.39997e-05
9.39997e-05
9.39997e-05
9.39997e-05
9.39997e-05
9.39997e-05
9.39997e-05
9.39997e-05
9.39997e-05
9.39997e-05
9.39997e-05
9.39997e-05
9.39997e-05
9.39997e-05
9.39997e-05
9.39997e-05
9.39997e-05
9.39997e-05
9.39997e-05
9.39997e-05
9.39997e-05
9.39997e-05
9.39997e-05
9.39997e-05
9.39997e-05
9.39997e-05
9.39997e-05
9.39997e-05
9.39997e-05
9.39997e-05
9.39997e-05
9.39997e-05
9.39997e-05
9.39997e-05
9.39997e-05
9.39997e-05
9.39997e-05
9.39997e-05
9.39997e-05
9.39997e-05
9.39997e-05
0.000110452
9.39997e-05
9.39997e-05
9.39997e-05
9.39997e-05
9.39997e-05
9.39997e-05
9.39997e-05
9.39997e-05
9.39997e-05
9.39997e-05
9.39997e-05
9.39997e-05
9.39997e-05
0.000206217
0.000206217
9.39997e-05
0.000206217
0.000206217
0.000206217
9.39997e-05
0.000326869
0.000326869
9.39997e-05
9.39997e-05
9.39997e-05
9.39997e-05
9.39997e-05
9.39997e-05
9.39997e-05
9.39997e-05
9.39997e-05
9.39997e-05
9.39997e-05
9.39997e-05
9.39997e-05
9.39997e-05
9.39997e-05
9.39997e-05
9.39997e-05
9.39997e-05
9.39997e-05
9.39997e-05
9.39997e-05
9.39997e-05
9.39997e-05
0.000224972
9.39997e-05
9.39997e-05
9.39997e-05
9.39997e-05
0.000110511
0.000400933
0.000215772
0.000215772
0.000215772
0.000215772
0.000215772
0.000281583
0.000281583
0.000281583
0.000281583
0.000215772
0.000215772
0.000215772
0.000215772
0.000215772
0.000400933
0.000400933
0.000400933
0.000400933
0.000400933
0.000400933
0.000400933
0.000132656
0.000215772
9.39997e-05
9.39997e-05
9.39997e-05
9.39997e-05
9.39997e-05
9.39997e-05
9.39997e-05
9.39997e-05
9.39997e-05
0.000202116
9.39997e-05
9.39997e-05
9.39997e-05
9.39997e-05
9.39997e-05
9.39997e-05
0.000126905
9.39997e-05
9.39997e-05
9.39997e-05
9.39997e-05
9.39997e-05
9.39997e-05
9.39997e-05
9.39997e-05
9.43044e-05
0.000110452
9.39997e-05
9.39997e-05
9.39997e-05
9.39997e-05
9.39997e-05
9.39997e-05
0.000811912
9.39997e-05
0.0010034
0.00108018
0.00108018
0.00102534
9.39997e-05
9.39997e-05
9.39997e-05
9.39997e-05
9.39997e-05
9.39997e-05
9.39997e-05
9.39997e-05
9.39997e-05
9.39997e-05
9.39997e-05
9.39997e-05
9.39997e-05
9.39997e-05
9.39997e-05
9.39997e-05
9.39997e-05
9.39997e-05
9.39997e-05
9.39997e-05
9.39997e-05
9.39997e-05
9.39997e-05
9.39997e-05
9.39997e-05
9.39997e-05
9.39997e-05
9.39997e-05
9.39997e-05
9.39997e-05
9.39997e-05
9.39997e-05
9.39997e-05
9.39997e-05
9.39997e-05
9.39997e-05
9.39997e-05
9.39997e-05
9.39997e-05
9.39997e-05
9.39997e-05
9.39997e-05
9.39997e-05
9.39997e-05
9.39997e-05
9.39997e-05
9.39997e-05
9.39997e-05
9.39997e-05
0.000176397
0.000145677
0.000501879
0.000185922
0.00093359
9.78709e-05
0.000136564
9.78709e-05
0.000218638
0.000447714
9.78709e-05
0.000111033
0.000266066
9.39997e-05
9.39997e-05
0.000151768
9.39997e-05
9.39997e-05
9.39997e-05
9.39997e-05
9.39997e-05
9.39997e-05
9.39997e-05
0.000137873
0.000225506
9.39997e-05
9.39997e-05
9.39997e-05
9.39997e-05
9.39997e-05
9.39997e-05
9.39997e-05
9.39997e-05
9.39997e-05
9.39997e-05
9.39997e-05
9.39997e-05
9.39997e-05
9.39997e-05
0.00242951
0.00013866
0.00013866
0.00013866
0.00013866
0.00013866
0.00017314
9.39997e-05
0.000101312
9.39997e-05
9.39997e-05
9.39997e-05
9.39997e-05
9.39997e-05
9.39997e-05
9.39997e-05
0.00015981
9.39997e-05
9.39997e-05
9.39997e-05
9.39997e-05
0.000184969
0.000184969
0.000184969
0.000184969
9.39997e-05
9.39997e-05
9.43044e-05
9.39997e-05
9.39997e-05
9.39997e-05
9.39997e-05
9.39997e-05
9.39997e-05
9.39997e-05
9.39997e-05
9.39997e-05
9.39997e-05
9.39997e-05
9.39997e-05
9.39997e-05
9.39997e-05
9.39997e-05
9.39997e-05
9.39997e-05
9.39997e-05
0.000115936
0.00370736
0.000202277
9.39997e-05
9.39997e-05
9.39997e-05
9.39997e-05
9.39997e-05
9.39997e-05
9.39997e-05
9.39997e-05
9.39997e-05
9.6269e-05
9.39997e-05
9.39997e-05
9.39997e-05
9.39997e-05
9.39997e-05
0.000116604
9.39997e-05
9.39997e-05
9.39997e-05
9.39997e-05
9.39997e-05
9.39997e-05
9.39997e-05
9.39997e-05
9.39997e-05
9.39997e-05
9.39997e-05
0.000103766
0.000934678
0.000444348
0.00023399
9.39997e-05
0.000383908
0.00028373
0.000103766
0.000235386
9.39997e-05
9.39997e-05
0.000125703
0.000103766
0.000103766
0.000113168
0.000198825
0.000103766
0.000120219
0.000103766
0.000104071
0.000103766
0.000103766
0.000103766
0.000103766
0.000168314
0.000103766
0.000103766
0.000103766
0.000103766
0.000103766
9.39997e-05
9.39997e-05
0.00015981
9.39997e-05
9.39997e-05
9.39997e-05
9.39997e-05
9.39997e-05
9.39997e-05
9.39997e-05
9.39997e-05
9.39997e-05
9.39997e-05
9.39997e-05
9.39997e-05
9.39997e-05
9.39997e-05
9.39997e-05
9.39997e-05
9.39997e-05
9.39997e-05
9.39997e-05
9.39997e-05
9.39997e-05
9.39997e-05
9.39997e-05
9.39997e-05
9.39997e-05
9.39997e-05
9.39997e-05
9.39997e-05
9.39997e-05
0.000126905
0.000635069
9.39997e-05
0.000389192
0.00085638
0.000230416
0.000263321
0.000170296
0.000190629
0.000128242
0.000230416
0.000230416
0.000227853
0.000227853
0.000227853
0.000227853
0.000187519
9.39997e-05
9.39997e-05
9.39997e-05
0.000110452
9.39997e-05
9.39997e-05
9.39997e-05
9.39997e-05
9.39997e-05
9.39997e-05
9.39997e-05
9.39997e-05
9.39997e-05
9.39997e-05
9.39997e-05
9.39997e-05
9.39997e-05
9.39997e-05
9.39997e-05
9.39997e-05
9.39997e-05
9.39997e-05
9.39997e-05
9.39997e-05
9.39997e-05
9.39997e-05
9.39997e-05
9.39997e-05
9.39997e-05
9.39997e-05
9.39997e-05
9.39997e-05
9.83871e-05
9.83871e-05
9.83871e-05
9.83871e-05
9.83871e-05
9.83871e-05
9.83871e-05
9.83871e-05
9.83871e-05
9.83871e-05
9.83871e-05
9.83871e-05
9.39997e-05
9.39997e-05
9.83871e-05
9.83871e-05
0.000828426
9.39997e-05
9.39997e-05
9.39997e-05
9.39997e-05
9.39997e-05
9.39997e-05
9.39997e-05
9.39997e-05
9.39997e-05
9.39997e-05
9.39997e-05
9.39997e-05
9.39997e-05
9.39997e-05
9.39997e-05
9.39997e-05
9.39997e-05
9.39997e-05
9.39997e-05
9.39997e-05
9.39997e-05
9.39997e-05
9.39997e-05
9.39997e-05
9.39997e-05
9.39997e-05
0.000105457
9.39997e-05
9.39997e-05
9.39997e-05
9.39997e-05
9.39997e-05
9.39997e-05
9.39997e-05
9.39997e-05
9.39997e-05
9.39997e-05
0.000193371
0.000188773
0.000188773
0.000188773
0.000188773
0.000188773
0.000188773
0.000188773
0.000188773
9.39997e-05
9.39997e-05
9.39997e-05
9.39997e-05
9.39997e-05
9.39997e-05
9.39997e-05
9.39997e-05
9.39997e-05
9.39997e-05
9.39997e-05
9.39997e-05
9.39997e-05
9.39997e-05
9.39997e-05
9.39997e-05
9.39997e-05
9.39997e-05
9.39997e-05
9.39997e-05
9.39997e-05
9.39997e-05
9.39997e-05
9.39997e-05
9.39997e-05
9.39997e-05
9.39997e-05
9.39997e-05
9.39997e-05
0.000280922
0.000135122
0.000192343
0.000180013
0.000344167
9.39997e-05
9.39997e-05
0.000110452
9.39997e-05
9.39997e-05
9.39997e-05
9.39997e-05
9.39997e-05
9.39997e-05
9.39997e-05
0.00128977
9.39997e-05
9.39997e-05
9.39997e-05
9.39997e-05
9.39997e-05
9.39997e-05
9.39997e-05
9.39997e-05
9.39997e-05
9.39997e-05
9.39997e-05
9.39997e-05
0.000100581
9.39997e-05
0.00158478
0.000193534
0.000256478
0.000520596
0.000209987
0.000200846
0.00111212
9.39997e-05
9.39997e-05
9.39997e-05
9.39997e-05
9.39997e-05
9.39997e-05
9.39997e-05
9.39997e-05
9.39997e-05
9.43044e-05
9.39997e-05
9.39997e-05
9.39997e-05
9.39997e-05
9.39997e-05
9.39997e-05
9.39997e-05
9.39997e-05
0.000105273
9.43044e-05
9.39997e-05
9.39997e-05
9.39997e-05
9.39997e-05
9.39997e-05
9.39997e-05
9.43044e-05
9.39997e-05
9.39997e-05
9.39997e-05
9.39997e-05
9.43044e-05
9.39997e-05
9.39997e-05
9.39997e-05
9.39997e-05
9.39997e-05
9.39997e-05
9.39997e-05
9.39997e-05
9.39997e-05
9.39997e-05
9.39997e-05
9.39997e-05
9.39997e-05
9.39997e-05
9.43044e-05
9.39997e-05
9.39997e-05
0.0023076
9.39997e-05
9.39997e-05
0.000102409
9.39997e-05
9.39997e-05
9.39997e-05
0.00016091
9.39997e-05
9.39997e-05
9.39997e-05
9.39997e-05
9.39997e-05
9.39997e-05
9.39997e-05
9.39997e-05
9.39997e-05
9.39997e-05
9.39997e-05
9.39997e-05
9.39997e-05
9.39997e-05
9.39997e-05
9.39997e-05
9.39997e-05
9.39997e-05
9.39997e-05
9.39997e-05
0.000192715
9.39997e-05
9.39997e-05
9.39997e-05
9.39997e-05
9.39997e-05
9.39997e-05
0.000166429
9.39997e-05
9.39997e-05
9.39997e-05
9.39997e-05
9.39997e-05
9.39997e-05
9.39997e-05
9.39997e-05
9.39997e-05
9.39997e-05
9.39997e-05
9.39997e-05
9.39997e-05
9.39997e-05
9.39997e-05
9.39997e-05
9.39997e-05
9.39997e-05
9.39997e-05
9.39997e-05
9.39997e-05
0.00015981
0.000115936
9.39997e-05
9.39997e-05
0.00015981
9.39997e-05
0.000295239
0.000148833
0.000126896
0.000598535
0.00026839
0.000126896
0.00129997
0.00145139
0.000143653
9.39997e-05
9.39997e-05
9.39997e-05
9.39997e-05
9.39997e-05
9.39997e-05
9.39997e-05
9.39997e-05
9.39997e-05
9.39997e-05
9.39997e-05
9.39997e-05
0.00015981
9.39997e-05
9.39997e-05
0.000721962
0.000113443
0.000135664
0.000113443
0.000135664
0.000102333
0.000113443
0.000668971
0.000407733
9.52184e-05
9.52184e-05
9.52184e-05
9.52184e-05
9.52184e-05
9.52184e-05
9.52184e-05
9.52184e-05
9.52184e-05
9.52184e-05
9.52184e-05
9.52184e-05
9.52184e-05
9.52184e-05
9.52184e-05
9.52184e-05
9.52184e-05
9.52184e-05
9.52184e-05
9.52184e-05
9.52184e-05
9.52184e-05
9.52184e-05
9.52184e-05
9.52184e-05
9.52184e-05
9.52184e-05
9.52184e-05
9.52184e-05
9.52184e-05
9.52184e-05
9.52184e-05
9.52184e-05
9.52184e-05
9.52184e-05
9.52184e-05
9.52184e-05
9.52184e-05
9.52184e-05
9.52184e-05
9.52184e-05
9.52184e-05
9.52184e-05
9.52184e-05
9.52184e-05
9.52184e-05
9.52184e-05
9.52184e-05
9.52184e-05
9.52184e-05
9.52184e-05
9.52184e-05
9.39997e-05
9.39997e-05
0.000209167
0.000209167
9.39997e-05
9.39997e-05
9.39997e-05
9.39997e-05
9.39997e-05
9.39997e-05
9.39997e-05
9.39997e-05
9.39997e-05
9.39997e-05
9.39997e-05
9.39997e-05
9.39997e-05
9.39997e-05
9.39997e-05
9.39997e-05
9.39997e-05
9.39997e-05
9.39997e-05
9.39997e-05
9.39997e-05
9.39997e-05
9.39997e-05
9.39997e-05
9.39997e-05
9.39997e-05
9.39997e-05
9.39997e-05
9.39997e-05
9.39997e-05
9.39997e-05
9.65737e-05
9.39997e-05
9.39997e-05
9.39997e-05
9.39997e-05
9.39997e-05
9.39997e-05
9.39997e-05
9.39997e-05
9.39997e-05
9.39997e-05
9.39997e-05
9.39997e-05
9.39997e-05
9.39997e-05
9.39997e-05
9.39997e-05
9.39997e-05
9.39997e-05
9.39997e-05
9.43044e-05
9.39997e-05
9.39997e-05
9.39997e-05
9.39997e-05
9.39997e-05
9.39997e-05
9.39997e-05
9.39997e-05
9.39997e-05
9.39997e-05
9.39997e-05
0.000130543
9.39997e-05
9.39997e-05
9.39997e-05
9.39997e-05
9.39997e-05
9.39997e-05
9.39997e-05
9.39997e-05
9.39997e-05
9.39997e-05
9.39997e-05
9.39997e-05
0.000228197
0.000228197
0.000228197
0.000477563
0.000543587
0.00028726
0.00028726
0.000515806
0.000127521
0.000228197
0.000674827
0.000108538
0.000108538
0.000142103
0.000108538
0.000108538
0.000108538
0.000108538
0.000108538
0.000108538
0.000108538
0.000108538
0.000108538
0.000108538
0.000108538
0.000108538
0.000108538
0.000108538
0.000115645
0.00015981
0.000289135
9.39997e-05
0.000161346
0.00021783
9.39997e-05
9.39997e-05
0.000109053
0.000109053
0.000165763
0.000109053
0.000390772
0.000326055
0.000213417
0.000154265
0.000207071
0.000115634
0.000176688
0.000164315
0.000184871
0.000109053
0.000109053
0.000109053
0.000112709
9.39997e-05
9.39997e-05
9.39997e-05
9.39997e-05
9.39997e-05
9.39997e-05
9.39997e-05
0.000107162
9.39997e-05
9.39997e-05
9.39997e-05
9.39997e-05
9.39997e-05
0.000145401
0.000128948
0.000128948
0.000223224
0.000138545
0.000145401
9.39997e-05
9.39997e-05
9.39997e-05
9.39997e-05
0.00133733
9.39997e-05
9.39997e-05
9.39997e-05
9.39997e-05
9.39997e-05
9.39997e-05
9.39997e-05
9.39997e-05
9.39997e-05
9.39997e-05
9.39997e-05
9.39997e-05
0.000182715
9.39997e-05
0.000101404
0.000221517
0.00017156
0.000460111
0.000101404
0.000101404
0.000175826
0.000575704
0.000575704
0.000575704
0.000575704
0.000575704
0.000575704
0.000575704
0.00139722
9.39997e-05
0.000136306
0.000104968
0.000104968
0.000160404
9.45847e-05
9.78558e-05
9.50449e-05
0.000285524
0.000119243
9.90922e-05
9.50449e-05
0.000121437
9.45847e-05
9.73603e-05
9.83969e-05
0.000369577
9.79697e-05
0.000123438
9.50449e-05
9.73603e-05
9.79697e-05
0.000113217
0.000101626
9.80922e-05
0.000178764
0.000100155
9.77167e-05
9.64463e-05
9.79697e-05
9.62119e-05
9.87431e-05
0.000134609
0.00203633
9.73603e-05
0.000186452
0.000114422
9.90042e-05
9.79697e-05
0.000110073
9.73603e-05
0.000243523
0.000170355
0.000109414
9.50449e-05
0.000104855
9.79697e-05
9.68026e-05
0.000109251
0.000120719
0.000105282
9.79697e-05
9.96136e-05
0.000133251
0.00010699
9.73603e-05
0.00010074
9.59073e-05
9.97361e-05
0.000123138
0.000207328
0.000105282
9.62119e-05
9.82744e-05
9.62119e-05
9.64463e-05
9.79697e-05
9.50449e-05
0.000130761
0.000122928
9.62119e-05
9.56026e-05
9.71073e-05
9.7665e-05
9.7665e-05
0.000108354
9.9705e-05
0.000168263
9.7665e-05
9.79697e-05
9.82744e-05
0.00017928
0.000114178
9.95453e-05
0.000107311
0.000184173
9.53496e-05
0.000198114
0.000101016
9.68026e-05
9.82685e-05
9.50449e-05
0.000124371
9.65166e-05
0.000130875
9.62119e-05
9.68026e-05
0.000209139
9.62119e-05
9.985e-05
0.00010167
9.56542e-05
0.000212848
9.82744e-05
0.000118953
0.000106926
0.000101756
9.56026e-05
9.50449e-05
9.62119e-05
9.68026e-05
9.70557e-05
9.82333e-05
9.985e-05
9.50449e-05
9.79697e-05
0.00012114
9.985e-05
9.62119e-05
0.000100806
9.82744e-05
9.39997e-05
0.000104968
0.000104968
9.39997e-05
9.39997e-05
9.39997e-05
9.39997e-05
9.39997e-05
9.39997e-05
9.39997e-05
0.000134758
0.000134758
9.39997e-05
9.39997e-05
9.39997e-05
9.39997e-05
0.000126905
9.39997e-05
9.39997e-05
9.39997e-05
9.39997e-05
0.000364375
0.000166945
0.000177913
0.000235623
0.000390145
9.39997e-05
9.39997e-05
9.39997e-05
9.39997e-05
9.39997e-05
9.39997e-05
0.000258525
9.39997e-05
0.000127493
0.000113866
0.000111597
0.000144502
0.000111597
0.000207746
0.000177407
0.000203359
0.000111597
0.000393187
0.000226208
0.000205625
9.39997e-05
9.39997e-05
9.39997e-05
9.39997e-05
0.000127493
9.39997e-05
9.39997e-05
9.39997e-05
9.39997e-05
9.39997e-05
9.39997e-05
9.39997e-05
9.39997e-05
9.39997e-05
9.39997e-05
9.39997e-05
0.000247004
9.39997e-05
9.39997e-05
9.39997e-05
9.39997e-05
9.39997e-05
9.39997e-05
9.39997e-05
9.39997e-05
9.39997e-05
9.39997e-05
9.39997e-05
9.39997e-05
9.39997e-05
9.39997e-05
9.39997e-05
0.000100581
9.39997e-05
9.39997e-05
9.39997e-05
9.39997e-05
0.000101896
0.000101896
0.000101896
0.000101896
0.000101896
0.000101896
0.000101896
0.000101896
0.000101896
0.000101896
0.000101896
0.000101896
0.000101896
0.000101896
0.000101896
0.000101896
0.000101896
0.000101896
0.000101896
0.000101896
0.000101896
0.000101896
0.000101896
0.000101896
0.000101896
0.000101896
0.000101896
0.000137566
0.000101896
0.000101896
0.000101896
0.000101896
0.000101896
0.000101896
0.000137566
0.000101896
0.000101896
0.000101896
9.39997e-05
9.39997e-05
9.39997e-05
9.39997e-05
9.39997e-05
9.39997e-05
0.000247557
0.000148841
9.39997e-05
9.39997e-05
9.39997e-05
9.39997e-05
9.39997e-05
9.39997e-05
9.39997e-05
9.39997e-05
9.39997e-05
9.39997e-05
9.39997e-05
9.39997e-05
9.39997e-05
9.39997e-05
9.39997e-05
9.39997e-05
9.39997e-05
9.39997e-05
9.39997e-05
9.39997e-05
9.39997e-05
9.39997e-05
9.39997e-05
9.39997e-05
9.39997e-05
9.39997e-05
9.39997e-05
9.39997e-05
9.39997e-05
9.39997e-05
9.39997e-05
9.39997e-05
9.39997e-05
9.39997e-05
9.39997e-05
9.39997e-05
9.39997e-05
9.39997e-05
9.39997e-05
9.39997e-05
9.39997e-05
0.00129029
9.39997e-05
9.39997e-05
9.39997e-05
9.39997e-05
9.39997e-05
9.39997e-05
9.39997e-05
9.39997e-05
9.39997e-05
9.39997e-05
9.39997e-05
9.39997e-05
9.39997e-05
9.39997e-05
9.39997e-05
9.39997e-05
9.39997e-05
9.39997e-05
9.39997e-05
9.39997e-05
9.39997e-05
9.39997e-05
9.39997e-05
9.39997e-05
0.000380277
0.0003483
0.000204981
0.000301404
0.000416671
0.000256846
9.39997e-05
9.39997e-05
9.39997e-05
0.000126905
9.39997e-05
9.39997e-05
9.39997e-05
9.39997e-05
9.39997e-05
9.39997e-05
9.39997e-05
9.39997e-05
9.39997e-05
9.39997e-05
9.39997e-05
9.39997e-05
9.39997e-05
0.000126905
9.39997e-05
0.000110452
9.39997e-05
9.39997e-05
0.000350427
0.000135253
0.000191239
9.39997e-05
9.39997e-05
9.39997e-05
9.94839e-05
0.000218971
0.00017067
9.94839e-05
9.94839e-05
9.39997e-05
0.000199137
0.000100619
0.000166429
0.000100619
0.000100619
0.000100619
0.000100619
0.000100619
0.000232239
0.000100619
0.000100619
0.000100619
0.000100619
0.000100619
0.000106027
0.000235743
0.000106027
0.000171837
0.000104123
0.000106027
0.000171837
0.000106027
0.000138932
0.000106027
0.000106027
0.000106027
0.000122479
0.000205787
0.000107072
0.000107072
0.000107072
0.000107072
0.000107072
0.000107072
0.000107072
0.000107072
0.000107072
0.000107072
0.000107072
0.000107072
0.000107072
0.000107072
0.000107072
0.000107072
0.000107072
0.000107072
0.000107072
0.000107072
0.000107072
0.000107072
0.000107072
0.000107072
0.000107072
0.000107072
0.000107072
0.000107072
0.000107072
0.000107072
0.000107072
0.000107072
0.000107072
0.000172882
0.000107072
0.000107072
0.000107072
0.000107072
0.000107072
0.000107072
0.000107072
0.000107072
0.000107072
0.000107072
0.000107072
0.000107072
0.000107072
0.000107072
0.000107072
0.000107072
0.000107376
0.000107072
0.000107072
0.000107072
0.000107376
0.000107072
0.000107072
0.000107072
0.000172882
0.000107072
0.000107072
9.39997e-05
9.39997e-05
9.39997e-05
9.39997e-05
9.39997e-05
9.39997e-05
9.39997e-05
9.39997e-05
9.39997e-05
9.39997e-05
9.39997e-05
9.39997e-05
9.39997e-05
9.39997e-05
9.39997e-05
9.39997e-05
9.39997e-05
9.39997e-05
9.39997e-05
9.39997e-05
0.000523118
0.000771707
0.00027354
0.000681931
9.39997e-05
9.39997e-05
9.52184e-05
9.52184e-05
9.52184e-05
9.52184e-05
9.52184e-05
9.52184e-05
9.52184e-05
0.000131892
9.52184e-05
0.000135443
9.52184e-05
0.000121648
9.52184e-05
0.000128123
9.52184e-05
0.000101201
9.52184e-05
0.00197159
9.52184e-05
0.000100703
9.52184e-05
0.000169255
9.52184e-05
9.90896e-05
9.52184e-05
9.52184e-05
9.52184e-05
9.52184e-05
9.52184e-05
9.52184e-05
9.52184e-05
9.52184e-05
9.52184e-05
9.52184e-05
9.52184e-05
9.52184e-05
9.52184e-05
9.52184e-05
9.52184e-05
9.52184e-05
9.52184e-05
9.52184e-05
0.0018464
0.000185984
0.000417259
0.000320399
0.000248777
9.39997e-05
9.39997e-05
9.39997e-05
9.39997e-05
9.39997e-05
9.39997e-05
9.39997e-05
9.39997e-05
9.39997e-05
9.39997e-05
9.39997e-05
9.39997e-05
9.39997e-05
9.39997e-05
9.39997e-05
9.39997e-05
9.39997e-05
9.39997e-05
9.39997e-05
9.39997e-05
9.39997e-05
0.00103703
9.39997e-05
9.39997e-05
9.39997e-05
9.39997e-05
9.39997e-05
9.39997e-05
9.39997e-05
9.39997e-05
9.39997e-05
9.39997e-05
9.39997e-05
9.39997e-05
9.39997e-05
0.000209167
9.39997e-05
9.39997e-05
9.39997e-05
9.39997e-05
9.39997e-05
9.39997e-05
9.39997e-05
9.39997e-05
9.39997e-05
9.39997e-05
0.000126905
9.39997e-05
9.39997e-05
9.39997e-05
9.39997e-05
9.39997e-05
9.39997e-05
9.39997e-05
9.39997e-05
9.39997e-05
9.39997e-05
9.39997e-05
9.39997e-05
9.39997e-05
9.39997e-05
9.39997e-05
9.39997e-05
9.39997e-05
9.39997e-05
9.39997e-05
9.39997e-05
0.000126905
0.000258525
0.000232082
0.000126905
0.000485455
0.000126905
0.000232082
9.39997e-05
9.39997e-05
9.39997e-05
9.39997e-05
9.39997e-05
9.39997e-05
9.39997e-05
9.39997e-05
9.39997e-05
9.39997e-05
9.39997e-05
0.000256502
9.39997e-05
9.39997e-05
9.39997e-05
9.39997e-05
0.000224645
0.000224645
0.000224645
0.000224645
0.000224645
0.000224645
0.000224645
0.000224645
0.000224645
0.000224645
0.000224645
0.000224645
0.000224645
0.000224645
0.000224645
0.000224645
0.000224645
0.000224645
0.000224645
0.000224645
0.000224645
0.000224645
0.000224645
0.000224645
0.000108061
0.000108061
9.48993e-05
9.48993e-05
9.48993e-05
9.48993e-05
9.48993e-05
9.48993e-05
0.000108061
9.48993e-05
9.48993e-05
9.48993e-05
9.48993e-05
0.000224645
9.48993e-05
9.48993e-05
9.48993e-05
9.48993e-05
9.48993e-05
9.48993e-05
9.48993e-05
9.48993e-05
9.48993e-05
9.48993e-05
9.48993e-05
9.48993e-05
9.48993e-05
9.48993e-05
9.48993e-05
9.48993e-05
9.48993e-05
9.48993e-05
9.48993e-05
9.48993e-05
9.48993e-05
9.48993e-05
9.48993e-05
9.48993e-05
9.48993e-05
9.48993e-05
9.48993e-05
9.48993e-05
9.48993e-05
9.48993e-05
9.48993e-05
9.48993e-05
0.000108061
9.48993e-05
9.48993e-05
9.48993e-05
0.000108061
9.48993e-05
9.39997e-05
9.39997e-05
0.00459149
0.000260916
0.000260916
0.000260916
9.39997e-05
9.39997e-05
9.39997e-05
9.39997e-05
9.39997e-05
9.39997e-05
9.39997e-05
9.39997e-05
9.39997e-05
9.39997e-05
9.39997e-05
9.39997e-05
9.39997e-05
0.000120637
0.000120637
0.000189269
9.39997e-05
9.39997e-05
0.000236668
0.000102226
9.39997e-05
9.39997e-05
9.39997e-05
9.39997e-05
0.000118405
0.00146417
0.000130171
0.000556708
0.00047632
0.000431449
0.000118405
0.000118405
0.00010241
0.00010241
0.000221213
0.000662173
9.39997e-05
9.39997e-05
9.39997e-05
0.000208937
9.39997e-05
9.39997e-05
9.39997e-05
9.39997e-05
9.39997e-05
9.39997e-05
9.39997e-05
0.000105305
9.39997e-05
9.39997e-05
0.000104968
0.000145336
9.39997e-05
9.39997e-05
9.39997e-05
9.39997e-05
9.78709e-05
9.39997e-05
9.39997e-05
9.39997e-05
0.000280444
9.39997e-05
9.39997e-05
0.000151523
0.00128132
0.00128132
0.000215025
0.000215025
0.00128132
0.000215025
0.000188697
0.000215025
0.000215025
0.000215025
0.000215025
0.000215025
0.000215025
0.000215025
0.000215025
0.000215025
0.000215025
0.000215025
0.000215025
0.000215025
0.000215025
0.000215025
0.000215025
0.000215025
0.000215025
0.000215025
0.000215025
0.000215025
0.000188697
0.000157502
9.39997e-05
9.72052e-05
0.000132411
9.39997e-05
0.000791021
0.000151523
0.000196068
0.00044078
0.00145893
0.000506703
0.000456346
0.000425116
0.000337569
9.39997e-05
9.39997e-05
9.39997e-05
9.39997e-05
0.000130916
9.39997e-05
9.39997e-05
0.000745861
9.39997e-05
9.39997e-05
9.39997e-05
9.39997e-05
9.39997e-05
9.39997e-05
9.43044e-05
9.39997e-05
9.39997e-05
9.39997e-05
9.39997e-05
9.39997e-05
9.39997e-05
9.39997e-05
9.39997e-05
9.39997e-05
9.39997e-05
9.39997e-05
9.39997e-05
9.39997e-05
9.39997e-05
9.39997e-05
9.39997e-05
9.39997e-05
0.000106565
9.39997e-05
9.39997e-05
9.39997e-05
9.39997e-05
9.39997e-05
9.39997e-05
9.39997e-05
9.39997e-05
9.39997e-05
9.39997e-05
9.39997e-05
9.39997e-05
9.39997e-05
9.39997e-05
9.39997e-05
9.39997e-05
9.39997e-05
9.39997e-05
9.39997e-05
9.39997e-05
9.39997e-05
9.39997e-05
9.39997e-05
9.39997e-05
9.39997e-05
9.39997e-05
9.39997e-05
9.39997e-05
0.000134098
0.000142325
0.000142325
0.000142325
0.000142325
0.000655849
0.000655849
9.39997e-05
9.39997e-05
9.39997e-05
9.39997e-05
9.39997e-05
0.000155603
9.39997e-05
9.39997e-05
9.39997e-05
9.39997e-05
9.39997e-05
9.39997e-05
0.00014244
9.39997e-05
0.000224703
0.000601511
0.000142325
0.000142325
0.000318623
9.39997e-05
9.39997e-05
9.39997e-05
9.39997e-05
9.46091e-05
9.39997e-05
9.39997e-05
9.39997e-05
9.39997e-05
0.000137849
9.39997e-05
9.39997e-05
0.000337349
0.000337349
0.000337349
9.39997e-05
9.39997e-05
9.39997e-05
9.39997e-05
9.39997e-05
9.39997e-05
9.39997e-05
9.39997e-05
9.39997e-05
9.39997e-05
9.39997e-05
9.39997e-05
9.39997e-05
9.39997e-05
9.39997e-05
9.39997e-05
0.000549304
0.000157078
9.39997e-05
0.000120709
0.000170066
0.000120709
0.000120709
0.000120709
0.000120709
9.39997e-05
9.39997e-05
9.39997e-05
9.39997e-05
9.39997e-05
9.39997e-05
9.39997e-05
9.39997e-05
9.39997e-05
9.39997e-05
9.39997e-05
9.39997e-05
9.39997e-05
9.39997e-05
9.39997e-05
9.39997e-05
9.39997e-05
9.39997e-05
9.39997e-05
9.39997e-05
9.39997e-05
9.39997e-05
9.39997e-05
9.39997e-05
9.39997e-05
9.39997e-05
9.39997e-05
9.39997e-05
9.39997e-05
9.39997e-05
9.39997e-05
9.39997e-05
9.39997e-05
9.39997e-05
9.39997e-05
9.39997e-05
0.000280624
0.00027422
0.000158014
0.000137817
9.7248e-05
9.7248e-05
9.7248e-05
9.7248e-05
9.7248e-05
9.7248e-05
9.7248e-05
9.7248e-05
9.7248e-05
9.7248e-05
9.7248e-05
9.7248e-05
9.7248e-05
9.7248e-05
9.7248e-05
9.7248e-05
9.7248e-05
9.7248e-05
9.7248e-05
9.7248e-05
9.7248e-05
9.7248e-05
9.7248e-05
9.7248e-05
9.7248e-05
9.7248e-05
9.7248e-05
9.7248e-05
9.7248e-05
9.7248e-05
9.7248e-05
9.7248e-05
9.7248e-05
9.7248e-05
0.000231874
0.000158014
0.000210492
0.000106207
0.000116354
9.7248e-05
0.000106207
0.000272668
0.000117445
0.000261224
0.000204719
0.000208655
0.000255955
0.000255955
0.000158587
0.000169646
9.39997e-05
9.76558e-05
9.39997e-05
9.39997e-05
9.39997e-05
9.39997e-05
9.39997e-05
0.00030444
0.000302482
0.00023307
0.00027645
0.000281367
0.000271491
0.000178126
0.000280056
0.000241054
0.000445132
0.000338459
0.000274073
0.000184109
0.000184109
0.000184109
0.000184109
0.000277304
9.39997e-05
9.39997e-05
9.39997e-05
9.39997e-05
9.39997e-05
9.39997e-05
0.000163681
9.39997e-05
9.39997e-05
9.39997e-05
9.39997e-05
9.39997e-05
9.39997e-05
9.39997e-05
9.39997e-05
9.39997e-05
9.39997e-05
9.39997e-05
9.39997e-05
9.39997e-05
9.39997e-05
9.39997e-05
9.39997e-05
9.39997e-05
9.39997e-05
9.39997e-05
9.39997e-05
9.39997e-05
9.39997e-05
9.39997e-05
9.39997e-05
9.39997e-05
9.39997e-05
9.39997e-05
9.39997e-05
9.39997e-05
0.000107162
9.39997e-05
9.39997e-05
9.39997e-05
9.39997e-05
9.39997e-05
9.39997e-05
9.39997e-05
9.39997e-05
9.39997e-05
9.94839e-05
0.00023833
0.000149629
9.94839e-05
9.94839e-05
0.000486762
9.94839e-05
0.000197584
0.000140115
9.94839e-05
9.94839e-05
9.39997e-05
0.000240363
0.00027267
9.39997e-05
9.39997e-05
9.39997e-05
9.39997e-05
9.39997e-05
9.39997e-05
9.39997e-05
9.39997e-05
0.000131018
9.39997e-05
9.39997e-05
9.39997e-05
9.39997e-05
9.39997e-05
9.39997e-05
9.39997e-05
9.39997e-05
9.39997e-05
9.39997e-05
9.39997e-05
0.00015981
9.39997e-05
9.39997e-05
9.39997e-05
9.39997e-05
9.39997e-05
9.39997e-05
9.94839e-05
0.000213318
0.000143787
9.94839e-05
9.94839e-05
9.39997e-05
9.39997e-05
0.000103323
0.000202175
0.000141186
0.000103323
0.000103323
9.39997e-05
9.39997e-05
9.39997e-05
9.39997e-05
9.39997e-05
9.39997e-05
9.39997e-05
0.000109575
9.86065e-05
9.86065e-05
9.86065e-05
9.86065e-05
9.86065e-05
9.86065e-05
9.86065e-05
9.86065e-05
9.86065e-05
9.86065e-05
9.86065e-05
9.86065e-05
9.86065e-05
9.86065e-05
9.86065e-05
9.86065e-05
9.39997e-05
9.39997e-05
9.39997e-05
9.39997e-05
9.39997e-05
9.39997e-05
9.39997e-05
9.39997e-05
9.39997e-05
9.39997e-05
9.39997e-05
9.39997e-05
9.39997e-05
9.86065e-05
9.86065e-05
0.000109575
0.00014248
0.00014248
0.000109575
0.000109575
9.39997e-05
9.86065e-05
9.39997e-05
9.39997e-05
9.39997e-05
9.39997e-05
0.00157933
9.39997e-05
9.39997e-05
9.39997e-05
0.000143357
0.000137873
9.94839e-05
9.94839e-05
9.94839e-05
9.94839e-05
9.94839e-05
9.94839e-05
9.94839e-05
9.94839e-05
9.94839e-05
9.39997e-05
0.000871411
9.94839e-05
0.000115936
0.000479595
0.000615321
0.000100965
9.39997e-05
9.39997e-05
9.39997e-05
9.39997e-05
9.39997e-05
9.39997e-05
9.39997e-05
9.39997e-05
9.39997e-05
9.39997e-05
9.39997e-05
0.00020905
0.00020905
9.39997e-05
9.43044e-05
9.39997e-05
9.43044e-05
9.39997e-05
9.39997e-05
9.39997e-05
